#
# There is insufficient memory for the Java Runtime Environment to continue.
# Native memory allocation (malloc) failed to allocate 530416 bytes for Chunk::new
# Possible reasons:
#   The system is out of physical RAM or swap space
#   The process is running with CompressedOops enabled, and the Java Heap may be blocking the growth of the native heap
# Possible solutions:
#   Reduce memory load on the system
#   Increase physical memory or swap space
#   Check if swap backing store is full
#   Decrease Java heap size (-Xmx/-Xms)
#   Decrease number of Java threads
#   Decrease Java thread stack sizes (-Xss)
#   Set larger code cache with -XX:ReservedCodeCacheSize=
#   JVM is running with Unscaled Compressed Oops mode in which the Java heap is
#     placed in the first 4GB address space. The Java Heap base address is the
#     maximum limit for the native heap growth. Please use -XX:HeapBaseMinAddress
#     to set the Java Heap base and to place the Java Heap above 4GB virtual address.
# This output file may be truncated or incomplete.
#
#  Out of Memory Error (arena.cpp:184), pid=28616, tid=8452
#
# JRE version: Java(TM) SE Runtime Environment (18.0.1.1+2) (build 18.0.1.1+2-6)
# Java VM: Java HotSpot(TM) 64-Bit Server VM (18.0.1.1+2-6, mixed mode, sharing, tiered, compressed oops, compressed class ptrs, g1 gc, windows-amd64)
# No core dump will be written. Minidumps are not enabled by default on client versions of Windows
#

---------------  S U M M A R Y ------------

Command Line: -XX:MaxMetaspaceSize=512m --add-opens=java.base/java.util=ALL-UNNAMED --add-opens=java.base/java.lang=ALL-UNNAMED --add-opens=java.base/java.lang.invoke=ALL-UNNAMED --add-opens=java.prefs/java.util.prefs=ALL-UNNAMED --add-opens=java.base/java.nio.charset=ALL-UNNAMED --add-opens=java.base/java.net=ALL-UNNAMED --add-opens=java.base/java.util.concurrent.atomic=ALL-UNNAMED -Xmx2048m -Dfile.encoding=utf8 -Duser.country=IN -Duser.language=en -Duser.variant -javaagent:C:\Users\rajva\.gradle\wrapper\dists\gradle-8.5-all\3zlzzgtsutfj0pbojr50n2l7z\gradle-8.5\lib\agents\gradle-instrumentation-agent-8.5.jar org.gradle.launcher.daemon.bootstrap.GradleDaemon 8.5

Host: 11th Gen Intel(R) Core(TM) i5-1155G7 @ 2.50GHz, 8 cores, 7G,  Windows 11 , 64 bit Build 22621 (10.0.22621.3672)
Time: Mon Jul 15 12:45:18 2024 India Standard Time elapsed time: 36.562167 seconds (0d 0h 0m 36s)

---------------  T H R E A D  ---------------

Current thread (0x000001a5d9c7a920):  JavaThread "C2 CompilerThread0" daemon [_thread_in_native, id=8452, stack(0x0000005bf5f00000,0x0000005bf6000000)]


Current CompileTask:
C2:  36562 7839       4       org.objectweb.asm.MethodWriter::putMethodInfo (1274 bytes)

Stack: [0x0000005bf5f00000,0x0000005bf6000000]
Native frames: (J=compiled Java code, j=interpreted, Vv=VM code, C=native code)
V  [jvm.dll+0x69887a]
V  [jvm.dll+0x7f38bd]
V  [jvm.dll+0x7f51ce]
V  [jvm.dll+0x7f5883]
V  [jvm.dll+0x25ca3f]
V  [jvm.dll+0xb8c2f]
V  [jvm.dll+0xb8fa5]
V  [jvm.dll+0x385a31]
V  [jvm.dll+0x34f811]
V  [jvm.dll+0x34ecaa]
V  [jvm.dll+0x22fc21]
V  [jvm.dll+0x22eff1]
V  [jvm.dll+0x1b9cfc]
V  [jvm.dll+0x23e8ca]
V  [jvm.dll+0x23cbb5]
V  [jvm.dll+0x7a5fb1]
V  [jvm.dll+0x7a03ea]
V  [jvm.dll+0x697725]
C  [ucrtbase.dll+0x29333]
C  [KERNEL32.DLL+0x1257d]
C  [ntdll.dll+0x5af28]


---------------  P R O C E S S  ---------------

Threads class SMR info:
_java_thread_list=0x000001a5e2e63f80, length=58, elements={
0x000001a5bba1dd70, 0x000001a5d9c5c210, 0x000001a5d9c5cbb0, 0x000001a5d9c78060,
0x000001a5d9c78910, 0x000001a5d9c792b0, 0x000001a5d9c79c50, 0x000001a5d9c7a920,
0x000001a5d9c88820, 0x000001a5d9c8b610, 0x000001a5d9c44280, 0x000001a5de1221c0,
0x000001a5df461900, 0x000001a5df878960, 0x000001a5dfacd3e0, 0x000001a5df488450,
0x000001a5df48a160, 0x000001a5df487190, 0x000001a5dfd7a170, 0x000001a5df36aa30,
0x000001a5dfd875f0, 0x000001a5dfd88d30, 0x000001a5dfd89200, 0x000001a5dfd8a070,
0x000001a5dfd8a540, 0x000001a5dfd8c220, 0x000001a5dfd8b3b0, 0x000001a5dfd896d0,
0x000001a5dfd8b880, 0x000001a5dfd8bd50, 0x000001a5dfd89ba0, 0x000001a5e14c16f0,
0x000001a5e14c5f20, 0x000001a5e14c5580, 0x000001a5e14c5a50, 0x000001a5e14c1bc0,
0x000001a5e14c4be0, 0x000001a5e14c0d50, 0x000001a5e14c2a30, 0x000001a5e14c4240,
0x000001a5e14c68c0, 0x000001a5e14c2f00, 0x000001a5e14c1220, 0x000001a5e14bf540,
0x000001a5e14bfee0, 0x000001a5e14c03b0, 0x000001a5e14c0880, 0x000001a5e14c33d0,
0x000001a5e14c38a0, 0x000001a5e14c3d70, 0x000001a5e25d1900, 0x000001a5e25d52c0,
0x000001a5e25d3ab0, 0x000001a5e25d6ad0, 0x000001a5e25d1dd0, 0x000001a5e25d6fa0,
0x000001a5e25d1430, 0x000001a5e25d5790
}

Java Threads: ( => current thread )
  0x000001a5bba1dd70 JavaThread "main" [_thread_blocked, id=5520, stack(0x0000005bf5200000,0x0000005bf5300000)]
  0x000001a5d9c5c210 JavaThread "Reference Handler" daemon [_thread_blocked, id=12900, stack(0x0000005bf5900000,0x0000005bf5a00000)]
  0x000001a5d9c5cbb0 JavaThread "Finalizer" daemon [_thread_blocked, id=9760, stack(0x0000005bf5a00000,0x0000005bf5b00000)]
  0x000001a5d9c78060 JavaThread "Signal Dispatcher" daemon [_thread_blocked, id=25960, stack(0x0000005bf5b00000,0x0000005bf5c00000)]
  0x000001a5d9c78910 JavaThread "Attach Listener" daemon [_thread_blocked, id=29216, stack(0x0000005bf5c00000,0x0000005bf5d00000)]
  0x000001a5d9c792b0 JavaThread "Service Thread" daemon [_thread_blocked, id=12520, stack(0x0000005bf5d00000,0x0000005bf5e00000)]
  0x000001a5d9c79c50 JavaThread "Monitor Deflation Thread" daemon [_thread_blocked, id=20076, stack(0x0000005bf5e00000,0x0000005bf5f00000)]
=>0x000001a5d9c7a920 JavaThread "C2 CompilerThread0" daemon [_thread_in_native, id=8452, stack(0x0000005bf5f00000,0x0000005bf6000000)]
  0x000001a5d9c88820 JavaThread "C1 CompilerThread0" daemon [_thread_blocked, id=16468, stack(0x0000005bf6000000,0x0000005bf6100000)]
  0x000001a5d9c8b610 JavaThread "Sweeper thread" daemon [_thread_blocked, id=6748, stack(0x0000005bf6100000,0x0000005bf6200000)]
  0x000001a5d9c44280 JavaThread "Common-Cleaner" daemon [_thread_blocked, id=18172, stack(0x0000005bf6200000,0x0000005bf6300000)]
  0x000001a5de1221c0 JavaThread "Notification Thread" daemon [_thread_blocked, id=26984, stack(0x0000005bf6300000,0x0000005bf6400000)]
  0x000001a5df461900 JavaThread "Daemon health stats" [_thread_blocked, id=2596, stack(0x0000005bf6a00000,0x0000005bf6b00000)]
  0x000001a5df878960 JavaThread "Incoming local TCP Connector on port 59067" [_thread_in_native, id=13608, stack(0x0000005bf6500000,0x0000005bf6600000)]
  0x000001a5dfacd3e0 JavaThread "Daemon periodic checks" [_thread_blocked, id=19492, stack(0x0000005bf6b00000,0x0000005bf6c00000)]
  0x000001a5df488450 JavaThread "Daemon" [_thread_blocked, id=19380, stack(0x0000005bf6c00000,0x0000005bf6d00000)]
  0x000001a5df48a160 JavaThread "Handler for socket connection from /127.0.0.1:59067 to /127.0.0.1:59068" [_thread_in_native, id=10656, stack(0x0000005bf6d00000,0x0000005bf6e00000)]
  0x000001a5df487190 JavaThread "Cancel handler" [_thread_blocked, id=26080, stack(0x0000005bf6e00000,0x0000005bf6f00000)]
  0x000001a5dfd7a170 JavaThread "Daemon worker" [_thread_in_Java, id=4728, stack(0x0000005bf6f00000,0x0000005bf7000000)]
  0x000001a5df36aa30 JavaThread "Asynchronous log dispatcher for DefaultDaemonConnection: socket connection from /127.0.0.1:59067 to /127.0.0.1:59068" [_thread_blocked, id=30340, stack(0x0000005bf7000000,0x0000005bf7100000)]
  0x000001a5dfd875f0 JavaThread "Stdin handler" [_thread_blocked, id=11236, stack(0x0000005bf7100000,0x0000005bf7200000)]
  0x000001a5dfd88d30 JavaThread "Daemon client event forwarder" [_thread_blocked, id=25612, stack(0x0000005bf7200000,0x0000005bf7300000)]
  0x000001a5dfd89200 JavaThread "Cache worker for journal cache (C:\Users\rajva\.gradle\caches\journal-1)" [_thread_blocked, id=12892, stack(0x0000005bf7300000,0x0000005bf7400000)]
  0x000001a5dfd8a070 JavaThread "File lock request listener" [_thread_in_native, id=9720, stack(0x0000005bf7400000,0x0000005bf7500000)]
  0x000001a5dfd8a540 JavaThread "Cache worker for file hash cache (C:\Users\rajva\.gradle\caches\8.5\fileHashes)" [_thread_blocked, id=28696, stack(0x0000005bf7800000,0x0000005bf7900000)]
  0x000001a5dfd8c220 JavaThread "File watcher server" daemon [_thread_in_native, id=29920, stack(0x0000005bf7a00000,0x0000005bf7b00000)]
  0x000001a5dfd8b3b0 JavaThread "File watcher consumer" daemon [_thread_blocked, id=26004, stack(0x0000005bf7b00000,0x0000005bf7c00000)]
  0x000001a5dfd896d0 JavaThread "Cache worker for checksums cache (D:\rn\TimeMangement\android\.gradle\8.5\checksums)" [_thread_blocked, id=16972, stack(0x0000005bf7c00000,0x0000005bf7d00000)]
  0x000001a5dfd8b880 JavaThread "Cache worker for file hash cache (D:\rn\TimeMangement\android\.gradle\8.5\fileHashes)" [_thread_blocked, id=16088, stack(0x0000005bf7d00000,0x0000005bf7e00000)]
  0x000001a5dfd8bd50 JavaThread "Cache worker for cache directory md-supplier (C:\Users\rajva\.gradle\caches\8.5\md-supplier)" [_thread_blocked, id=30160, stack(0x0000005bf7e00000,0x0000005bf7f00000)]
  0x000001a5dfd89ba0 JavaThread "Cache worker for cache directory md-rule (C:\Users\rajva\.gradle\caches\8.5\md-rule)" [_thread_blocked, id=17564, stack(0x0000005bf7f00000,0x0000005bf8000000)]
  0x000001a5e14c16f0 JavaThread "Cache worker for file content cache (C:\Users\rajva\.gradle\caches\8.5\fileContent)" [_thread_blocked, id=31108, stack(0x0000005bf8000000,0x0000005bf8100000)]
  0x000001a5e14c5f20 JavaThread "Cache worker for execution history cache (C:\Users\rajva\.gradle\caches\8.5\executionHistory)" [_thread_blocked, id=18048, stack(0x0000005bf8100000,0x0000005bf8200000)]
  0x000001a5e14c5580 JavaThread "jar transforms" [_thread_blocked, id=22400, stack(0x0000005bf8200000,0x0000005bf8300000)]
  0x000001a5e14c5a50 JavaThread "jar transforms Thread 2" [_thread_blocked, id=11356, stack(0x0000005bf8300000,0x0000005bf8400000)]
  0x000001a5e14c1bc0 JavaThread "jar transforms Thread 3" [_thread_blocked, id=13012, stack(0x0000005bf8400000,0x0000005bf8500000)]
  0x000001a5e14c4be0 JavaThread "jar transforms Thread 4" [_thread_blocked, id=10112, stack(0x0000005bf8500000,0x0000005bf8600000)]
  0x000001a5e14c0d50 JavaThread "jar transforms Thread 5" [_thread_blocked, id=10660, stack(0x0000005bf8600000,0x0000005bf8700000)]
  0x000001a5e14c2a30 JavaThread "jar transforms Thread 6" [_thread_blocked, id=812, stack(0x0000005bf8700000,0x0000005bf8800000)]
  0x000001a5e14c4240 JavaThread "Exec process" [_thread_blocked, id=17376, stack(0x0000005bf8800000,0x0000005bf8900000)]
  0x000001a5e14c68c0 JavaThread "Exec process Thread 2" [_thread_blocked, id=16356, stack(0x0000005bf8900000,0x0000005bf8a00000)]
  0x000001a5e14c2f00 JavaThread "Exec process Thread 3" [_thread_blocked, id=3852, stack(0x0000005bf8a00000,0x0000005bf8b00000)]
  0x000001a5e14c1220 JavaThread "Cache worker for kotlin-dsl (C:\Users\rajva\.gradle\caches\8.5\kotlin-dsl)" [_thread_blocked, id=13452, stack(0x0000005bf8b00000,0x0000005bf8c00000)]
  0x000001a5e14bf540 JavaThread "jar transforms Thread 7" [_thread_blocked, id=8460, stack(0x0000005bf8c00000,0x0000005bf8d00000)]
  0x000001a5e14bfee0 JavaThread "jar transforms Thread 8" [_thread_blocked, id=16688, stack(0x0000005bf8d00000,0x0000005bf8e00000)]
  0x000001a5e14c03b0 JavaThread "Unconstrained build operations" [_thread_blocked, id=1932, stack(0x0000005bf8f00000,0x0000005bf9000000)]
  0x000001a5e14c0880 JavaThread "Unconstrained build operations Thread 2" [_thread_blocked, id=30264, stack(0x0000005bf9000000,0x0000005bf9100000)]
  0x000001a5e14c33d0 JavaThread "Cache worker for dependencies-accessors (D:\rn\TimeMangement\android\.gradle\8.5\dependencies-accessors)" [_thread_blocked, id=9684, stack(0x0000005bf9100000,0x0000005bf9200000)]
  0x000001a5e14c38a0 JavaThread "Cache worker for Build Output Cleanup Cache (D:\rn\TimeMangement\node_modules\@react-native\gradle-plugin\.gradle\buildOutputCleanup)" [_thread_blocked, id=2488, stack(0x0000005bf9300000,0x0000005bf9400000)]
  0x000001a5e14c3d70 JavaThread "Unconstrained build operations Thread 3" [_thread_blocked, id=8108, stack(0x0000005bf9400000,0x0000005bf9500000)]
  0x000001a5e25d1900 JavaThread "Unconstrained build operations Thread 4" [_thread_blocked, id=24292, stack(0x0000005bf9500000,0x0000005bf9600000)]
  0x000001a5e25d52c0 JavaThread "Unconstrained build operations Thread 5" [_thread_blocked, id=11704, stack(0x0000005bf9600000,0x0000005bf9700000)]
  0x000001a5e25d3ab0 JavaThread "Unconstrained build operations Thread 6" [_thread_blocked, id=8064, stack(0x0000005bf9700000,0x0000005bf9800000)]
  0x000001a5e25d6ad0 JavaThread "Unconstrained build operations Thread 7" [_thread_blocked, id=5460, stack(0x0000005bf9800000,0x0000005bf9900000)]
  0x000001a5e25d1dd0 JavaThread "Unconstrained build operations Thread 8" [_thread_blocked, id=4644, stack(0x0000005bf9900000,0x0000005bf9a00000)]
  0x000001a5e25d6fa0 JavaThread "Unconstrained build operations Thread 9" [_thread_blocked, id=21304, stack(0x0000005bf9a00000,0x0000005bf9b00000)]
  0x000001a5e25d1430 JavaThread "build event listener" [_thread_blocked, id=17852, stack(0x0000005bf9b00000,0x0000005bf9c00000)]
  0x000001a5e25d5790 JavaThread "Memory manager" [_thread_blocked, id=4560, stack(0x0000005bf9200000,0x0000005bf9300000)]

Other Threads:
  0x000001a5bba969e0 VMThread "VM Thread" [stack: 0x0000005bf5800000,0x0000005bf5900000] [id=25720]
  0x000001a5de122680 WatcherThread "VM Periodic Task Thread" [stack: 0x0000005bf6400000,0x0000005bf6500000] [id=29752]
  0x000001a5b997e830 WorkerThread "GC Thread#0" [stack: 0x0000005bf5300000,0x0000005bf5400000] [id=23388]
  0x000001a5dec3c860 WorkerThread "GC Thread#1" [stack: 0x0000005bf6600000,0x0000005bf6700000] [id=3452]
  0x000001a5deb00cc0 WorkerThread "GC Thread#2" [stack: 0x0000005bf6700000,0x0000005bf6800000] [id=10144]
  0x000001a5de6e22b0 WorkerThread "GC Thread#3" [stack: 0x0000005bf6800000,0x0000005bf6900000] [id=19344]
  0x000001a5de6e2550 WorkerThread "GC Thread#4" [stack: 0x0000005bf6900000,0x0000005bf6a00000] [id=17080]
  0x000001a5dee56420 WorkerThread "GC Thread#5" [stack: 0x0000005bf7500000,0x0000005bf7600000] [id=296]
  0x000001a5dfdc4110 WorkerThread "GC Thread#6" [stack: 0x0000005bf7600000,0x0000005bf7700000] [id=17528]
  0x000001a5dfdc43b0 WorkerThread "GC Thread#7" [stack: 0x0000005bf7700000,0x0000005bf7800000] [id=2660]
  0x000001a5bba899c0 ConcurrentGCThread "G1 Main Marker" [stack: 0x0000005bf5400000,0x0000005bf5500000] [id=18532]
  0x000001a5bba8a250 WorkerThread "G1 Conc#0" [stack: 0x0000005bf5500000,0x0000005bf5600000] [id=20096]
  0x000001a5e042be30 WorkerThread "G1 Conc#1" [stack: 0x0000005bf7900000,0x0000005bf7a00000] [id=20996]
  0x000001a5d9b11100 ConcurrentGCThread "G1 Refine#0" [stack: 0x0000005bf5600000,0x0000005bf5700000] [id=18248]
  0x000001a5d9b118b0 ConcurrentGCThread "G1 Service" [stack: 0x0000005bf5700000,0x0000005bf5800000] [id=17996]

Threads with active compile tasks:
C2 CompilerThread0    36626 7839       4       org.objectweb.asm.MethodWriter::putMethodInfo (1274 bytes)

VM state: not at safepoint (normal execution)

VM Mutex/Monitor currently owned by a thread: None

Heap address: 0x0000000080000000, size: 2048 MB, Compressed Oops mode: 32-bit

CDS archive(s) mapped at: [0x0000000800000000-0x0000000800ba0000-0x0000000800ba0000), size 12189696, SharedBaseAddress: 0x0000000800000000, ArchiveRelocationMode: 0.
Compressed class space mapped at: 0x0000000800c00000-0x000000081a800000, reserved size: 432013312
Narrow klass base: 0x0000000800000000, Narrow klass shift: 0, Narrow klass range: 0x100000000

GC Precious Log:
 CardTable entry size: 512
 Card Set container configuration: InlinePtr #cards 5 size 8 Array Of Cards #cards 12 size 40 Howl #buckets 4 coarsen threshold 1843 Howl Bitmap #cards 512 size 80 coarsen threshold 460 Card regions per heap region 1 cards per card region 2048
 CPUs: 8 total, 8 available
 Memory: 7834M
 Large Page Support: Disabled
 NUMA Support: Disabled
 Compressed Oops: Enabled (32-bit)
 Heap Region Size: 1M
 Heap Min Capacity: 8M
 Heap Initial Capacity: 124M
 Heap Max Capacity: 2G
 Pre-touch: Disabled
 Parallel Workers: 8
 Concurrent Workers: 2
 Concurrent Refinement Workers: 8
 Periodic GC: Disabled

Heap:
 garbage-first heap   total 117760K, used 85457K [0x0000000080000000, 0x0000000100000000)
  region size 1024K, 23 young (23552K), 4 survivors (4096K)
 Metaspace       used 71185K, committed 73152K, reserved 487424K
  class space    used 9959K, committed 10944K, reserved 421888K

Heap Regions: E=young(eden), S=young(survivor), O=old, HS=humongous(starts), HC=humongous(continues), CS=collection set, F=free, OA=open archive, CA=closed archive, TAMS=top-at-mark-start (previous, next)
|   0|0x0000000080000000, 0x0000000080100000, 0x0000000080100000|100%|HS|  |TAMS 0x0000000080100000, 0x0000000080000000| Complete 
|   1|0x0000000080100000, 0x0000000080200000, 0x0000000080200000|100%|HC|  |TAMS 0x0000000080200000, 0x0000000080100000| Complete 
|   2|0x0000000080200000, 0x0000000080300000, 0x0000000080300000|100%|HC|  |TAMS 0x0000000080300000, 0x0000000080200000| Complete 
|   3|0x0000000080300000, 0x0000000080400000, 0x0000000080400000|100%|HC|  |TAMS 0x0000000080400000, 0x0000000080300000| Complete 
|   4|0x0000000080400000, 0x0000000080500000, 0x0000000080500000|100%| O|  |TAMS 0x0000000080500000, 0x0000000080400000| Untracked 
|   5|0x0000000080500000, 0x0000000080600000, 0x0000000080600000|100%| O|  |TAMS 0x0000000080600000, 0x0000000080500000| Untracked 
|   6|0x0000000080600000, 0x0000000080700000, 0x0000000080700000|100%| O|  |TAMS 0x0000000080700000, 0x0000000080600000| Untracked 
|   7|0x0000000080700000, 0x0000000080800000, 0x0000000080800000|100%| O|  |TAMS 0x0000000080800000, 0x0000000080700000| Untracked 
|   8|0x0000000080800000, 0x0000000080900000, 0x0000000080900000|100%| O|  |TAMS 0x0000000080900000, 0x0000000080800000| Untracked 
|   9|0x0000000080900000, 0x0000000080a00000, 0x0000000080a00000|100%| O|  |TAMS 0x0000000080a00000, 0x0000000080900000| Untracked 
|  10|0x0000000080a00000, 0x0000000080b00000, 0x0000000080b00000|100%| O|  |TAMS 0x0000000080b00000, 0x0000000080a00000| Untracked 
|  11|0x0000000080b00000, 0x0000000080c00000, 0x0000000080c00000|100%| O|  |TAMS 0x0000000080c00000, 0x0000000080b00000| Untracked 
|  12|0x0000000080c00000, 0x0000000080d00000, 0x0000000080d00000|100%| O|  |TAMS 0x0000000080d00000, 0x0000000080c00000| Untracked 
|  13|0x0000000080d00000, 0x0000000080e00000, 0x0000000080e00000|100%| O|  |TAMS 0x0000000080e00000, 0x0000000080d00000| Untracked 
|  14|0x0000000080e00000, 0x0000000080f00000, 0x0000000080f00000|100%| O|  |TAMS 0x0000000080f00000, 0x0000000080e00000| Untracked 
|  15|0x0000000080f00000, 0x0000000081000000, 0x0000000081000000|100%| O|  |TAMS 0x0000000081000000, 0x0000000080f00000| Untracked 
|  16|0x0000000081000000, 0x0000000081100000, 0x0000000081100000|100%| O|  |TAMS 0x0000000081100000, 0x0000000081000000| Untracked 
|  17|0x0000000081100000, 0x0000000081200000, 0x0000000081200000|100%| O|  |TAMS 0x0000000081200000, 0x0000000081100000| Untracked 
|  18|0x0000000081200000, 0x0000000081300000, 0x0000000081300000|100%| O|  |TAMS 0x0000000081300000, 0x0000000081200000| Untracked 
|  19|0x0000000081300000, 0x0000000081356600, 0x0000000081400000| 33%| O|  |TAMS 0x0000000081356600, 0x0000000081300000| Untracked 
|  20|0x0000000081400000, 0x0000000081500000, 0x0000000081500000|100%| O|  |TAMS 0x0000000081500000, 0x0000000081400000| Untracked 
|  21|0x0000000081500000, 0x0000000081600000, 0x0000000081600000|100%| O|  |TAMS 0x0000000081600000, 0x0000000081500000| Untracked 
|  22|0x0000000081600000, 0x0000000081700000, 0x0000000081700000|100%| O|  |TAMS 0x0000000081700000, 0x0000000081600000| Untracked 
|  23|0x0000000081700000, 0x0000000081800000, 0x0000000081800000|100%| O|  |TAMS 0x0000000081800000, 0x0000000081700000| Untracked 
|  24|0x0000000081800000, 0x0000000081900000, 0x0000000081900000|100%| O|  |TAMS 0x0000000081900000, 0x0000000081800000| Untracked 
|  25|0x0000000081900000, 0x0000000081a00000, 0x0000000081a00000|100%| O|  |TAMS 0x0000000081a00000, 0x0000000081900000| Untracked 
|  26|0x0000000081a00000, 0x0000000081b00000, 0x0000000081b00000|100%| O|  |TAMS 0x0000000081b00000, 0x0000000081a00000| Untracked 
|  27|0x0000000081b00000, 0x0000000081c00000, 0x0000000081c00000|100%| O|  |TAMS 0x0000000081c00000, 0x0000000081b00000| Untracked 
|  28|0x0000000081c00000, 0x0000000081d00000, 0x0000000081d00000|100%| O|  |TAMS 0x0000000081d00000, 0x0000000081c00000| Untracked 
|  29|0x0000000081d00000, 0x0000000081e00000, 0x0000000081e00000|100%| O|  |TAMS 0x0000000081e00000, 0x0000000081d00000| Untracked 
|  30|0x0000000081e00000, 0x0000000081f00000, 0x0000000081f00000|100%| O|  |TAMS 0x0000000081f00000, 0x0000000081e00000| Untracked 
|  31|0x0000000081f00000, 0x0000000082000000, 0x0000000082000000|100%| O|  |TAMS 0x0000000082000000, 0x0000000081f00000| Untracked 
|  32|0x0000000082000000, 0x0000000082100000, 0x0000000082100000|100%| O|  |TAMS 0x0000000082100000, 0x0000000082000000| Untracked 
|  33|0x0000000082100000, 0x0000000082200000, 0x0000000082200000|100%| O|  |TAMS 0x0000000082200000, 0x0000000082100000| Untracked 
|  34|0x0000000082200000, 0x0000000082300000, 0x0000000082300000|100%| O|  |TAMS 0x0000000082300000, 0x0000000082200000| Untracked 
|  35|0x0000000082300000, 0x0000000082400000, 0x0000000082400000|100%| O|  |TAMS 0x0000000082400000, 0x0000000082300000| Untracked 
|  36|0x0000000082400000, 0x0000000082500000, 0x0000000082500000|100%| O|  |TAMS 0x0000000082500000, 0x0000000082400000| Untracked 
|  37|0x0000000082500000, 0x0000000082600000, 0x0000000082600000|100%| O|  |TAMS 0x0000000082600000, 0x0000000082500000| Untracked 
|  38|0x0000000082600000, 0x0000000082700000, 0x0000000082700000|100%| O|  |TAMS 0x0000000082700000, 0x0000000082600000| Untracked 
|  39|0x0000000082700000, 0x0000000082800000, 0x0000000082800000|100%| O|  |TAMS 0x0000000082800000, 0x0000000082700000| Untracked 
|  40|0x0000000082800000, 0x0000000082900000, 0x0000000082900000|100%| O|  |TAMS 0x0000000082900000, 0x0000000082800000| Untracked 
|  41|0x0000000082900000, 0x0000000082a00000, 0x0000000082a00000|100%| O|  |TAMS 0x0000000082a00000, 0x0000000082900000| Untracked 
|  42|0x0000000082a00000, 0x0000000082b00000, 0x0000000082b00000|100%| O|  |TAMS 0x0000000082b00000, 0x0000000082a00000| Untracked 
|  43|0x0000000082b00000, 0x0000000082c00000, 0x0000000082c00000|100%| O|  |TAMS 0x0000000082c00000, 0x0000000082b00000| Untracked 
|  44|0x0000000082c00000, 0x0000000082d00000, 0x0000000082d00000|100%| O|  |TAMS 0x0000000082d00000, 0x0000000082c00000| Untracked 
|  45|0x0000000082d00000, 0x0000000082e00000, 0x0000000082e00000|100%|HS|  |TAMS 0x0000000082e00000, 0x0000000082d00000| Complete 
|  46|0x0000000082e00000, 0x0000000082f00000, 0x0000000082f00000|100%|HC|  |TAMS 0x0000000082f00000, 0x0000000082e00000| Complete 
|  47|0x0000000082f00000, 0x0000000083000000, 0x0000000083000000|100%|HS|  |TAMS 0x0000000083000000, 0x0000000082f00000| Complete 
|  48|0x0000000083000000, 0x0000000083100000, 0x0000000083100000|100%|HC|  |TAMS 0x0000000083100000, 0x0000000083000000| Complete 
|  49|0x0000000083100000, 0x0000000083200000, 0x0000000083200000|100%| O|  |TAMS 0x0000000083200000, 0x0000000083100000| Untracked 
|  50|0x0000000083200000, 0x0000000083300000, 0x0000000083300000|100%| O|  |TAMS 0x0000000083300000, 0x0000000083200000| Untracked 
|  51|0x0000000083300000, 0x0000000083400000, 0x0000000083400000|100%|HS|  |TAMS 0x0000000083400000, 0x0000000083300000| Complete 
|  52|0x0000000083400000, 0x0000000083500000, 0x0000000083500000|100%|HC|  |TAMS 0x0000000083500000, 0x0000000083400000| Complete 
|  53|0x0000000083500000, 0x0000000083600000, 0x0000000083600000|100%|HC|  |TAMS 0x0000000083600000, 0x0000000083500000| Complete 
|  54|0x0000000083600000, 0x0000000083700000, 0x0000000083700000|100%|HC|  |TAMS 0x0000000083700000, 0x0000000083600000| Complete 
|  55|0x0000000083700000, 0x0000000083800000, 0x0000000083800000|100%|HS|  |TAMS 0x0000000083800000, 0x0000000083700000| Complete 
|  56|0x0000000083800000, 0x0000000083900000, 0x0000000083900000|100%|HC|  |TAMS 0x0000000083900000, 0x0000000083800000| Complete 
|  57|0x0000000083900000, 0x0000000083a00000, 0x0000000083a00000|100%|HC|  |TAMS 0x0000000083a00000, 0x0000000083900000| Complete 
|  58|0x0000000083a00000, 0x0000000083b00000, 0x0000000083b00000|100%|HC|  |TAMS 0x0000000083b00000, 0x0000000083a00000| Complete 
|  59|0x0000000083b00000, 0x0000000083c00000, 0x0000000083c00000|100%| O|  |TAMS 0x0000000083c00000, 0x0000000083b00000| Untracked 
|  60|0x0000000083c00000, 0x0000000083d00000, 0x0000000083d00000|100%| O|  |TAMS 0x0000000083d00000, 0x0000000083c00000| Untracked 
|  61|0x0000000083d00000, 0x0000000083e00000, 0x0000000083e00000|100%| O|  |TAMS 0x0000000083e00000, 0x0000000083d00000| Untracked 
|  62|0x0000000083e00000, 0x0000000083f00000, 0x0000000083f00000|100%| O|  |TAMS 0x0000000083e18800, 0x0000000083e00000| Untracked 
|  63|0x0000000083f00000, 0x0000000083fd5e00, 0x0000000084000000| 83%| O|  |TAMS 0x0000000083f00000, 0x0000000083f00000| Untracked 
|  64|0x0000000084000000, 0x0000000084000000, 0x0000000084100000|  0%| F|  |TAMS 0x0000000084000000, 0x0000000084000000| Untracked 
|  65|0x0000000084100000, 0x0000000084100000, 0x0000000084200000|  0%| F|  |TAMS 0x0000000084100000, 0x0000000084100000| Untracked 
|  66|0x0000000084200000, 0x0000000084200000, 0x0000000084300000|  0%| F|  |TAMS 0x0000000084200000, 0x0000000084200000| Untracked 
|  67|0x0000000084300000, 0x0000000084300000, 0x0000000084400000|  0%| F|  |TAMS 0x0000000084300000, 0x0000000084300000| Untracked 
|  68|0x0000000084400000, 0x0000000084400000, 0x0000000084500000|  0%| F|  |TAMS 0x0000000084400000, 0x0000000084400000| Untracked 
|  69|0x0000000084500000, 0x0000000084500000, 0x0000000084600000|  0%| F|  |TAMS 0x0000000084500000, 0x0000000084500000| Untracked 
|  70|0x0000000084600000, 0x0000000084600000, 0x0000000084700000|  0%| F|  |TAMS 0x0000000084600000, 0x0000000084600000| Untracked 
|  71|0x0000000084700000, 0x0000000084700000, 0x0000000084800000|  0%| F|  |TAMS 0x0000000084700000, 0x0000000084700000| Untracked 
|  72|0x0000000084800000, 0x0000000084800000, 0x0000000084900000|  0%| F|  |TAMS 0x0000000084800000, 0x0000000084800000| Untracked 
|  73|0x0000000084900000, 0x0000000084900000, 0x0000000084a00000|  0%| F|  |TAMS 0x0000000084900000, 0x0000000084900000| Untracked 
|  74|0x0000000084a00000, 0x0000000084a00000, 0x0000000084b00000|  0%| F|  |TAMS 0x0000000084a00000, 0x0000000084a00000| Untracked 
|  75|0x0000000084b00000, 0x0000000084b00000, 0x0000000084c00000|  0%| F|  |TAMS 0x0000000084b00000, 0x0000000084b00000| Untracked 
|  76|0x0000000084c00000, 0x0000000084c00000, 0x0000000084d00000|  0%| F|  |TAMS 0x0000000084c00000, 0x0000000084c00000| Untracked 
|  77|0x0000000084d00000, 0x0000000084d00000, 0x0000000084e00000|  0%| F|  |TAMS 0x0000000084d00000, 0x0000000084d00000| Untracked 
|  78|0x0000000084e00000, 0x0000000084e00000, 0x0000000084f00000|  0%| F|  |TAMS 0x0000000084e00000, 0x0000000084e00000| Untracked 
|  79|0x0000000084f00000, 0x0000000084f00000, 0x0000000085000000|  0%| F|  |TAMS 0x0000000084f00000, 0x0000000084f00000| Untracked 
|  80|0x0000000085000000, 0x0000000085000000, 0x0000000085100000|  0%| F|  |TAMS 0x0000000085000000, 0x0000000085000000| Untracked 
|  81|0x0000000085100000, 0x0000000085100000, 0x0000000085200000|  0%| F|  |TAMS 0x0000000085100000, 0x0000000085100000| Untracked 
|  82|0x0000000085200000, 0x0000000085200000, 0x0000000085300000|  0%| F|  |TAMS 0x0000000085200000, 0x0000000085200000| Untracked 
|  83|0x0000000085300000, 0x0000000085300000, 0x0000000085400000|  0%| F|  |TAMS 0x0000000085300000, 0x0000000085300000| Untracked 
|  84|0x0000000085400000, 0x00000000854482d0, 0x0000000085500000| 28%| S|CS|TAMS 0x0000000085400000, 0x0000000085400000| Complete 
|  85|0x0000000085500000, 0x0000000085600000, 0x0000000085600000|100%| S|CS|TAMS 0x0000000085500000, 0x0000000085500000| Complete 
|  86|0x0000000085600000, 0x0000000085700000, 0x0000000085700000|100%| S|CS|TAMS 0x0000000085600000, 0x0000000085600000| Complete 
|  87|0x0000000085700000, 0x0000000085800000, 0x0000000085800000|100%| S|CS|TAMS 0x0000000085700000, 0x0000000085700000| Complete 
|  88|0x0000000085800000, 0x0000000085800000, 0x0000000085900000|  0%| F|  |TAMS 0x0000000085800000, 0x0000000085800000| Untracked 
|  89|0x0000000085900000, 0x0000000085900000, 0x0000000085a00000|  0%| F|  |TAMS 0x0000000085900000, 0x0000000085900000| Untracked 
|  90|0x0000000085a00000, 0x0000000085a00000, 0x0000000085b00000|  0%| F|  |TAMS 0x0000000085a00000, 0x0000000085a00000| Untracked 
|  91|0x0000000085b00000, 0x0000000085b00000, 0x0000000085c00000|  0%| F|  |TAMS 0x0000000085b00000, 0x0000000085b00000| Untracked 
|  92|0x0000000085c00000, 0x0000000085c00000, 0x0000000085d00000|  0%| F|  |TAMS 0x0000000085c00000, 0x0000000085c00000| Untracked 
|  93|0x0000000085d00000, 0x0000000085d00000, 0x0000000085e00000|  0%| F|  |TAMS 0x0000000085d00000, 0x0000000085d00000| Untracked 
|  94|0x0000000085e00000, 0x0000000085e00000, 0x0000000085f00000|  0%| F|  |TAMS 0x0000000085e00000, 0x0000000085e00000| Untracked 
|  95|0x0000000085f00000, 0x0000000085f00000, 0x0000000086000000|  0%| F|  |TAMS 0x0000000085f00000, 0x0000000085f00000| Untracked 
|  96|0x0000000086000000, 0x000000008607cd28, 0x0000000086100000| 48%| E|  |TAMS 0x0000000086000000, 0x0000000086000000| Complete 
|  97|0x0000000086100000, 0x0000000086200000, 0x0000000086200000|100%| E|CS|TAMS 0x0000000086100000, 0x0000000086100000| Complete 
|  98|0x0000000086200000, 0x0000000086300000, 0x0000000086300000|100%| E|CS|TAMS 0x0000000086200000, 0x0000000086200000| Complete 
|  99|0x0000000086300000, 0x0000000086400000, 0x0000000086400000|100%| E|  |TAMS 0x0000000086300000, 0x0000000086300000| Complete 
| 100|0x0000000086400000, 0x0000000086500000, 0x0000000086500000|100%| E|CS|TAMS 0x0000000086400000, 0x0000000086400000| Complete 
| 101|0x0000000086500000, 0x0000000086600000, 0x0000000086600000|100%| E|CS|TAMS 0x0000000086500000, 0x0000000086500000| Complete 
| 102|0x0000000086600000, 0x0000000086700000, 0x0000000086700000|100%| E|CS|TAMS 0x0000000086600000, 0x0000000086600000| Complete 
| 103|0x0000000086700000, 0x0000000086800000, 0x0000000086800000|100%| E|CS|TAMS 0x0000000086700000, 0x0000000086700000| Complete 
| 104|0x0000000086800000, 0x0000000086900000, 0x0000000086900000|100%| E|CS|TAMS 0x0000000086800000, 0x0000000086800000| Complete 
| 105|0x0000000086900000, 0x0000000086a00000, 0x0000000086a00000|100%| E|CS|TAMS 0x0000000086900000, 0x0000000086900000| Complete 
| 106|0x0000000086a00000, 0x0000000086b00000, 0x0000000086b00000|100%| E|CS|TAMS 0x0000000086a00000, 0x0000000086a00000| Complete 
| 107|0x0000000086b00000, 0x0000000086c00000, 0x0000000086c00000|100%| E|CS|TAMS 0x0000000086b00000, 0x0000000086b00000| Complete 
| 108|0x0000000086c00000, 0x0000000086d00000, 0x0000000086d00000|100%| E|CS|TAMS 0x0000000086c00000, 0x0000000086c00000| Complete 
| 109|0x0000000086d00000, 0x0000000086e00000, 0x0000000086e00000|100%| E|CS|TAMS 0x0000000086d00000, 0x0000000086d00000| Complete 
| 110|0x0000000086e00000, 0x0000000086f00000, 0x0000000086f00000|100%| E|CS|TAMS 0x0000000086e00000, 0x0000000086e00000| Complete 
| 111|0x0000000086f00000, 0x0000000087000000, 0x0000000087000000|100%| E|CS|TAMS 0x0000000086f00000, 0x0000000086f00000| Complete 
| 112|0x0000000087000000, 0x0000000087100000, 0x0000000087100000|100%| E|CS|TAMS 0x0000000087000000, 0x0000000087000000| Complete 
| 113|0x0000000087100000, 0x0000000087200000, 0x0000000087200000|100%| E|CS|TAMS 0x0000000087100000, 0x0000000087100000| Complete 
| 123|0x0000000087b00000, 0x0000000087c00000, 0x0000000087c00000|100%| E|CS|TAMS 0x0000000087b00000, 0x0000000087b00000| Complete 

Card table byte_map: [0x000001a5d2a70000,0x000001a5d2e70000] _byte_map_base: 0x000001a5d2670000

Marking Bits (Prev, Next): (CMBitMap*) 0x000001a5bba792d0, (CMBitMap*) 0x000001a5bba79310
 Prev Bits: [0x000001a5d3270000, 0x000001a5d5270000)
 Next Bits: [0x000001a5d5270000, 0x000001a5d7270000)

Polling page: 0x000001a5b9a10000

Metaspace:

Usage:
  Non-class:     59.79 MB used.
      Class:      9.73 MB used.
       Both:     69.52 MB used.

Virtual space:
  Non-class space:       64.00 MB reserved,      60.75 MB ( 95%) committed,  1 nodes.
      Class space:      412.00 MB reserved,      10.69 MB (  3%) committed,  1 nodes.
             Both:      476.00 MB reserved,      71.44 MB ( 15%) committed. 

Chunk freelists:
   Non-Class:  2.64 MB
       Class:  1.27 MB
        Both:  3.91 MB

MaxMetaspaceSize: 512.00 MB
CompressedClassSpaceSize: 412.00 MB
Initial GC threshold: 21.00 MB
Current GC threshold: 115.31 MB
CDS: on
MetaspaceReclaimPolicy: balanced
 - commit_granule_bytes: 65536.
 - commit_granule_words: 8192.
 - virtual_space_node_default_size: 8388608.
 - enlarge_chunks_in_place: 1.
 - new_chunks_are_fully_committed: 0.
 - uncommit_free_chunks: 1.
 - use_allocation_guard: 0.


Internal statistics:

num_allocs_failed_limit: 6.
num_arena_births: 3514.
num_arena_deaths: 0.
num_vsnodes_births: 2.
num_vsnodes_deaths: 0.
num_space_committed: 1143.
num_space_uncommitted: 0.
num_chunks_returned_to_freelist: 6.
num_chunks_taken_from_freelist: 6792.
num_chunk_merges: 6.
num_chunk_splits: 4317.
num_chunks_enlarged: 2572.
num_inconsistent_stats: 0.

CodeHeap 'non-profiled nmethods': size=120000Kb used=3395Kb max_used=3395Kb free=116604Kb
 bounds [0x000001a5cae10000, 0x000001a5cb170000, 0x000001a5d2340000]
CodeHeap 'profiled nmethods': size=120000Kb used=13886Kb max_used=13886Kb free=106114Kb
 bounds [0x000001a5c38e0000, 0x000001a5c4670000, 0x000001a5cae10000]
CodeHeap 'non-nmethods': size=5760Kb used=2427Kb max_used=2474Kb free=3332Kb
 bounds [0x000001a5c3340000, 0x000001a5c35c0000, 0x000001a5c38e0000]
 total_blobs=7853 nmethods=6916 adapters=849
 compilation: enabled
              stopped_count=0, restarted_count=0
 full_count=0

Compilation events (20 events):
Event: 36.341 Thread 0x000001a5d9c7a920 7831       4       com.google.common.collect.ImmutableSet$RegularSetBuilderImpl::add (68 bytes)
Event: 36.357 Thread 0x000001a5d9c88820 7832       3       java.io.FilterInputStream::read (11 bytes)
Event: 36.358 Thread 0x000001a5d9c88820 nmethod 7832 0x000001a5c4665810 code [0x000001a5c46659c0, 0x000001a5c4665b88]
Event: 36.368 Thread 0x000001a5d9c88820 7833       3       org.gradle.internal.ImmutableActionSet$EmptySet::execute (1 bytes)
Event: 36.368 Thread 0x000001a5d9c88820 nmethod 7833 0x000001a5c4665c90 code [0x000001a5c4665e20, 0x000001a5c4665f38]
Event: 36.375 Thread 0x000001a5d9c88820 7834       3       org.gradle.tooling.internal.provider.runner.ClientForwardingBuildOperationListener::toBuildOperationDescriptor (40 bytes)
Event: 36.378 Thread 0x000001a5d9c88820 nmethod 7834 0x000001a5c4666010 code [0x000001a5c4666280, 0x000001a5c4666fa8]
Event: 36.378 Thread 0x000001a5d9c88820 7835       3       org.gradle.api.internal.collections.IterationOrderRetainingSetElementSource$$Lambda$444/0x000000080109bd68::isSatisfiedBy (8 bytes)
Event: 36.378 Thread 0x000001a5d9c88820 nmethod 7835 0x000001a5c4667490 code [0x000001a5c4667680, 0x000001a5c4667b38]
Event: 36.378 Thread 0x000001a5d9c88820 7836       3       org.gradle.api.internal.collections.IterationOrderRetainingSetElementSource::lambda$static$0 (23 bytes)
Event: 36.379 Thread 0x000001a5d9c88820 nmethod 7836 0x000001a5c4667d10 code [0x000001a5c4667ee0, 0x000001a5c4668218]
Event: 36.379 Thread 0x000001a5d9c88820 7837       3       org.gradle.api.internal.DefaultMutationGuard::newActionWithMutation (11 bytes)
Event: 36.379 Thread 0x000001a5d9c88820 nmethod 7837 0x000001a5c4668390 code [0x000001a5c4668540, 0x000001a5c4668838]
Event: 36.388 Thread 0x000001a5d9c7a920 nmethod 7831 0x000001a5cb15df90 code [0x000001a5cb15e220, 0x000001a5cb15f760]
Event: 36.409 Thread 0x000001a5d9c88820 7838       3       java.util.Collections$SynchronizedCollection::iterator (10 bytes)
Event: 36.409 Thread 0x000001a5d9c88820 nmethod 7838 0x000001a5c4668990 code [0x000001a5c4668b40, 0x000001a5c4668d08]
Event: 36.508 Thread 0x000001a5d9c7a920 7839       4       org.objectweb.asm.MethodWriter::putMethodInfo (1274 bytes)
Event: 36.556 Thread 0x000001a5d9c88820 7840       3       com.google.common.base.Preconditions::checkArgument (17 bytes)
Event: 36.557 Thread 0x000001a5d9c88820 nmethod 7840 0x000001a5c4668e10 code [0x000001a5c4668fe0, 0x000001a5c4669358]
Event: 36.558 Thread 0x000001a5d9c88820 7841       3       org.gradle.api.internal.DefaultNamedDomainObjectCollection::findByName (61 bytes)

GC Heap History (20 events):
Event: 30.892 GC heap before
{Heap before GC invocations=15 (full 0):
 garbage-first heap   total 81920K, used 63981K [0x0000000080000000, 0x0000000100000000)
  region size 1024K, 25 young (25600K), 3 survivors (3072K)
 Metaspace       used 54419K, committed 56128K, reserved 487424K
  class space    used 7563K, committed 8448K, reserved 421888K
}
Event: 30.900 GC heap after
{Heap after GC invocations=16 (full 0):
 garbage-first heap   total 81920K, used 44981K [0x0000000080000000, 0x0000000100000000)
  region size 1024K, 4 young (4096K), 4 survivors (4096K)
 Metaspace       used 54419K, committed 56128K, reserved 487424K
  class space    used 7563K, committed 8448K, reserved 421888K
}
Event: 31.434 GC heap before
{Heap before GC invocations=16 (full 0):
 garbage-first heap   total 81920K, used 65461K [0x0000000080000000, 0x0000000100000000)
  region size 1024K, 24 young (24576K), 4 survivors (4096K)
 Metaspace       used 56443K, committed 58240K, reserved 487424K
  class space    used 7904K, committed 8832K, reserved 421888K
}
Event: 31.443 GC heap after
{Heap after GC invocations=17 (full 0):
 garbage-first heap   total 81920K, used 46528K [0x0000000080000000, 0x0000000100000000)
  region size 1024K, 2 young (2048K), 2 survivors (2048K)
 Metaspace       used 56443K, committed 58240K, reserved 487424K
  class space    used 7904K, committed 8832K, reserved 421888K
}
Event: 31.802 GC heap before
{Heap before GC invocations=18 (full 0):
 garbage-first heap   total 81920K, used 53696K [0x0000000080000000, 0x0000000100000000)
  region size 1024K, 10 young (10240K), 2 survivors (2048K)
 Metaspace       used 56799K, committed 58560K, reserved 487424K
  class space    used 7944K, committed 8832K, reserved 421888K
}
Event: 31.806 GC heap after
{Heap after GC invocations=19 (full 0):
 garbage-first heap   total 81920K, used 47230K [0x0000000080000000, 0x0000000100000000)
  region size 1024K, 3 young (3072K), 3 survivors (3072K)
 Metaspace       used 56799K, committed 58560K, reserved 487424K
  class space    used 7944K, committed 8832K, reserved 421888K
}
Event: 32.528 GC heap before
{Heap before GC invocations=20 (full 0):
 garbage-first heap   total 92160K, used 69758K [0x0000000080000000, 0x0000000100000000)
  region size 1024K, 21 young (21504K), 3 survivors (3072K)
 Metaspace       used 59051K, committed 60864K, reserved 487424K
  class space    used 8228K, committed 9152K, reserved 421888K
}
Event: 32.534 GC heap after
{Heap after GC invocations=21 (full 0):
 garbage-first heap   total 92160K, used 52664K [0x0000000080000000, 0x0000000100000000)
  region size 1024K, 3 young (3072K), 3 survivors (3072K)
 Metaspace       used 59051K, committed 60864K, reserved 487424K
  class space    used 8228K, committed 9152K, reserved 421888K
}
Event: 32.566 GC heap before
{Heap before GC invocations=21 (full 0):
 garbage-first heap   total 92160K, used 53688K [0x0000000080000000, 0x0000000100000000)
  region size 1024K, 5 young (5120K), 3 survivors (3072K)
 Metaspace       used 59115K, committed 60928K, reserved 487424K
  class space    used 8236K, committed 9152K, reserved 421888K
}
Event: 32.570 GC heap after
{Heap after GC invocations=22 (full 0):
 garbage-first heap   total 110592K, used 53074K [0x0000000080000000, 0x0000000100000000)
  region size 1024K, 2 young (2048K), 2 survivors (2048K)
 Metaspace       used 59115K, committed 60928K, reserved 487424K
  class space    used 8236K, committed 9152K, reserved 421888K
}
Event: 33.492 GC heap before
{Heap before GC invocations=23 (full 0):
 garbage-first heap   total 110592K, used 91986K [0x0000000080000000, 0x0000000100000000)
  region size 1024K, 32 young (32768K), 2 survivors (2048K)
 Metaspace       used 62083K, committed 63872K, reserved 487424K
  class space    used 8656K, committed 9600K, reserved 421888K
}
Event: 33.498 GC heap after
{Heap after GC invocations=24 (full 0):
 garbage-first heap   total 110592K, used 62959K [0x0000000080000000, 0x0000000100000000)
  region size 1024K, 4 young (4096K), 4 survivors (4096K)
 Metaspace       used 62083K, committed 63872K, reserved 487424K
  class space    used 8656K, committed 9600K, reserved 421888K
}
Event: 34.033 GC heap before
{Heap before GC invocations=24 (full 0):
 garbage-first heap   total 110592K, used 87535K [0x0000000080000000, 0x0000000100000000)
  region size 1024K, 28 young (28672K), 4 survivors (4096K)
 Metaspace       used 64475K, committed 66304K, reserved 487424K
  class space    used 8957K, committed 9920K, reserved 421888K
}
Event: 34.039 GC heap after
{Heap after GC invocations=25 (full 0):
 garbage-first heap   total 110592K, used 64811K [0x0000000080000000, 0x0000000100000000)
  region size 1024K, 4 young (4096K), 4 survivors (4096K)
 Metaspace       used 64475K, committed 66304K, reserved 487424K
  class space    used 8957K, committed 9920K, reserved 421888K
}
Event: 34.686 GC heap before
{Heap before GC invocations=26 (full 0):
 garbage-first heap   total 114688K, used 88363K [0x0000000080000000, 0x0000000100000000)
  region size 1024K, 27 young (27648K), 4 survivors (4096K)
 Metaspace       used 66903K, committed 68800K, reserved 487424K
  class space    used 9381K, committed 10368K, reserved 421888K
}
Event: 34.692 GC heap after
{Heap after GC invocations=27 (full 0):
 garbage-first heap   total 114688K, used 65766K [0x0000000080000000, 0x0000000100000000)
  region size 1024K, 3 young (3072K), 3 survivors (3072K)
 Metaspace       used 66903K, committed 68800K, reserved 487424K
  class space    used 9381K, committed 10368K, reserved 421888K
}
Event: 35.067 GC heap before
{Heap before GC invocations=27 (full 0):
 garbage-first heap   total 114688K, used 91366K [0x0000000080000000, 0x0000000100000000)
  region size 1024K, 29 young (29696K), 3 survivors (3072K)
 Metaspace       used 68754K, committed 70720K, reserved 487424K
  class space    used 9637K, committed 10624K, reserved 421888K
}
Event: 35.072 GC heap after
{Heap after GC invocations=28 (full 0):
 garbage-first heap   total 114688K, used 66629K [0x0000000080000000, 0x0000000100000000)
  region size 1024K, 2 young (2048K), 2 survivors (2048K)
 Metaspace       used 68754K, committed 70720K, reserved 487424K
  class space    used 9637K, committed 10624K, reserved 421888K
}
Event: 35.540 GC heap before
{Heap before GC invocations=29 (full 0):
 garbage-first heap   total 117760K, used 94277K [0x0000000080000000, 0x0000000100000000)
  region size 1024K, 29 young (29696K), 2 survivors (2048K)
 Metaspace       used 70477K, committed 72448K, reserved 487424K
  class space    used 9874K, committed 10880K, reserved 421888K
}
Event: 35.546 GC heap after
{Heap after GC invocations=30 (full 0):
 garbage-first heap   total 117760K, used 68049K [0x0000000080000000, 0x0000000100000000)
  region size 1024K, 4 young (4096K), 4 survivors (4096K)
 Metaspace       used 70477K, committed 72448K, reserved 487424K
  class space    used 9874K, committed 10880K, reserved 421888K
}

Deoptimization events (20 events):
Event: 35.128 Thread 0x000001a5dfd7a170 Uncommon trap: trap_request=0xffffffde fr.pc=0x000001a5cb113858 relative=0x0000000000003d18
Event: 35.128 Thread 0x000001a5dfd7a170 Uncommon trap: reason=class_check action=maybe_recompile pc=0x000001a5cb113858 method=com.google.common.reflect.TypeVisitor.visit([Ljava/lang/reflect/Type;)V @ 96 c2
Event: 35.128 Thread 0x000001a5dfd7a170 DEOPT PACKING pc=0x000001a5cb113858 sp=0x0000005bf6ff5be0
Event: 35.128 Thread 0x000001a5dfd7a170 DEOPT UNPACKING pc=0x000001a5c3395c23 sp=0x0000005bf6ff5c08 mode 2
Event: 35.512 Thread 0x000001a5dfd7a170 Uncommon trap: trap_request=0xffffffcc fr.pc=0x000001a5caf949c0 relative=0x00000000000031e0
Event: 35.512 Thread 0x000001a5dfd7a170 Uncommon trap: reason=intrinsic_or_type_checked_inlining action=make_not_entrant pc=0x000001a5caf949c0 method=java.util.ArrayList$SubList.toArray([Ljava/lang/Object;)[Ljava/lang/Object; @ 58 c2
Event: 35.512 Thread 0x000001a5dfd7a170 DEOPT PACKING pc=0x000001a5caf949c0 sp=0x0000005bf6ff7c00
Event: 35.512 Thread 0x000001a5dfd7a170 DEOPT UNPACKING pc=0x000001a5c3395c23 sp=0x0000005bf6ff7b70 mode 2
Event: 35.972 Thread 0x000001a5dfd7a170 Uncommon trap: trap_request=0xffffff45 fr.pc=0x000001a5cb159c20 relative=0x0000000000000700
Event: 35.972 Thread 0x000001a5dfd7a170 Uncommon trap: reason=unstable_if action=reinterpret pc=0x000001a5cb159c20 method=com.sun.beans.introspect.MethodInfo$MethodOrder.compare(Ljava/lang/reflect/Method;Ljava/lang/reflect/Method;)I @ 124 c2
Event: 35.972 Thread 0x000001a5dfd7a170 DEOPT PACKING pc=0x000001a5cb159c20 sp=0x0000005bf6ff69b0
Event: 35.972 Thread 0x000001a5dfd7a170 DEOPT UNPACKING pc=0x000001a5c3395c23 sp=0x0000005bf6ff68d0 mode 2
Event: 35.972 Thread 0x000001a5dfd7a170 Uncommon trap: trap_request=0xffffff45 fr.pc=0x000001a5cb15addc relative=0x00000000000006dc
Event: 35.972 Thread 0x000001a5dfd7a170 Uncommon trap: reason=unstable_if action=reinterpret pc=0x000001a5cb15addc method=com.sun.beans.introspect.MethodInfo$MethodOrder.compare(Ljava/lang/reflect/Method;Ljava/lang/reflect/Method;)I @ 124 c2
Event: 35.972 Thread 0x000001a5dfd7a170 DEOPT PACKING pc=0x000001a5cb15addc sp=0x0000005bf6ff6920
Event: 35.972 Thread 0x000001a5dfd7a170 DEOPT UNPACKING pc=0x000001a5c3395c23 sp=0x0000005bf6ff68c8 mode 2
Event: 36.023 Thread 0x000001a5dfd7a170 Uncommon trap: trap_request=0xffffff45 fr.pc=0x000001a5cb041258 relative=0x00000000000018d8
Event: 36.023 Thread 0x000001a5dfd7a170 Uncommon trap: reason=unstable_if action=reinterpret pc=0x000001a5cb041258 method=groovy.lang.MetaClassImpl.checkIfStdMethod(Lgroovy/lang/MetaMethod;)V @ 55 c2
Event: 36.023 Thread 0x000001a5dfd7a170 DEOPT PACKING pc=0x000001a5cb041258 sp=0x0000005bf6ff6350
Event: 36.023 Thread 0x000001a5dfd7a170 DEOPT UNPACKING pc=0x000001a5c3395c23 sp=0x0000005bf6ff62f0 mode 2

Classes loaded (20 events):
Event: 34.257 Loading class com/sun/org/apache/xerces/internal/utils/XMLSecurityManager$Limit
Event: 34.268 Loading class com/sun/org/apache/xerces/internal/utils/XMLSecurityManager$Limit done
Event: 34.269 Loading class com/sun/org/apache/xerces/internal/utils/XMLSecurityManager$NameMap
Event: 34.269 Loading class com/sun/org/apache/xerces/internal/utils/XMLSecurityManager$NameMap done
Event: 34.269 Loading class com/sun/org/apache/xerces/internal/utils/XMLSecurityPropertyManager
Event: 34.269 Loading class com/sun/org/apache/xerces/internal/utils/XMLSecurityPropertyManager done
Event: 34.269 Loading class com/sun/org/apache/xerces/internal/utils/XMLSecurityPropertyManager$State
Event: 34.269 Loading class com/sun/org/apache/xerces/internal/utils/XMLSecurityPropertyManager$State done
Event: 34.270 Loading class com/sun/org/apache/xerces/internal/utils/XMLSecurityPropertyManager$Property
Event: 34.270 Loading class com/sun/org/apache/xerces/internal/utils/XMLSecurityPropertyManager$Property done
Event: 34.968 Loading class java/util/AbstractList$ListItr
Event: 34.968 Loading class java/util/AbstractList$ListItr done
Event: 35.058 Loading class java/util/regex/Pattern$1
Event: 35.059 Loading class java/util/regex/Pattern$1 done
Event: 35.847 Loading class java/util/AbstractList$RandomAccessSubList
Event: 35.847 Loading class java/util/AbstractList$SubList
Event: 35.848 Loading class java/util/AbstractList$SubList done
Event: 35.848 Loading class java/util/AbstractList$RandomAccessSubList done
Event: 35.849 Loading class java/util/AbstractList$SubList$1
Event: 35.849 Loading class java/util/AbstractList$SubList$1 done

Classes unloaded (0 events):
No events

Classes redefined (0 events):
No events

Internal exceptions (20 events):
Event: 35.294 Thread 0x000001a5dfd7a170 Exception <a 'java/lang/ClassNotFoundException'{0x0000000086480408}: org/jetbrains/kotlin/gradle/targets/js/npm/DefaultPeerNpmDependencyExtensionBeanInfo> (0x0000000086480408) 
thrown [s\open\src\hotspot\share\classfile\systemDictionary.cpp, line 255]
Event: 35.295 Thread 0x000001a5dfd7a170 Exception <a 'java/lang/ClassNotFoundException'{0x00000000864928f8}: org/jetbrains/kotlin/gradle/targets/js/npm/DefaultPeerNpmDependencyExtensionCustomizer> (0x00000000864928f8) 
thrown [s\open\src\hotspot\share\classfile\systemDictionary.cpp, line 255]
Event: 35.302 Thread 0x000001a5dfd7a170 Exception <a 'java/lang/ClassNotFoundException'{0x00000000864f4850}: org/jetbrains/kotlin/gradle/targets/js/npm/DefaultPeerNpmDependencyExtension$delegate$1BeanInfo> (0x00000000864f4850) 
thrown [s\open\src\hotspot\share\classfile\systemDictionary.cpp, line 255]
Event: 35.303 Thread 0x000001a5dfd7a170 Exception <a 'java/lang/ClassNotFoundException'{0x0000000086307148}: org/jetbrains/kotlin/gradle/targets/js/npm/DefaultPeerNpmDependencyExtension$delegate$1Customizer> (0x0000000086307148) 
thrown [s\open\src\hotspot\share\classfile\systemDictionary.cpp, line 255]
Event: 35.331 Thread 0x000001a5dfd7a170 Exception <a 'java/lang/NoSuchMethodError'{0x00000000862667b8}: static Lorg/jetbrains/kotlin/gradle/plugin/internal/DefaultIdeaSyncDetector$createIdeaPropertiesEvaluator$1;.<clinit>()V> (0x00000000862667b8) 
thrown [s\open\src\hotspot\share\prims\jni.cpp, line 1104]
Event: 35.846 Thread 0x000001a5dfd7a170 Exception <a 'java/lang/NoSuchMethodError'{0x00000000869f2790}: 'void java.lang.invoke.DirectMethodHandle$Holder.invokeInterface(java.lang.Object, java.lang.Object, java.lang.Object, java.lang.Object)'> (0x00000000869f2790) 
thrown [s\open\src\hotspot\share\interpreter\linkResolver.cpp, line 766]
Event: 35.940 Thread 0x000001a5dfd7a170 Exception <a 'java/lang/ClassNotFoundException'{0x0000000086791118}: org/gradle/api/internal/plugins/DefaultPluginContainerBeanInfo> (0x0000000086791118) 
thrown [s\open\src\hotspot\share\classfile\systemDictionary.cpp, line 255]
Event: 35.940 Thread 0x000001a5dfd7a170 Exception <a 'java/lang/ClassNotFoundException'{0x000000008679cec8}: org/gradle/api/internal/plugins/DefaultPluginCollectionBeanInfo> (0x000000008679cec8) 
thrown [s\open\src\hotspot\share\classfile\systemDictionary.cpp, line 255]
Event: 35.941 Thread 0x000001a5dfd7a170 Exception <a 'java/lang/ClassNotFoundException'{0x00000000867a8d70}: org/gradle/api/internal/DefaultDomainObjectSetBeanInfo> (0x00000000867a8d70) 
thrown [s\open\src\hotspot\share\classfile\systemDictionary.cpp, line 255]
Event: 35.941 Thread 0x000001a5dfd7a170 Exception <a 'java/lang/ClassNotFoundException'{0x00000000867b4cf8}: org/gradle/api/internal/DefaultDomainObjectCollectionBeanInfo> (0x00000000867b4cf8) 
thrown [s\open\src\hotspot\share\classfile\systemDictionary.cpp, line 255]
Event: 35.942 Thread 0x000001a5dfd7a170 Exception <a 'java/lang/ClassNotFoundException'{0x00000000867c0d18}: org/gradle/api/internal/DefaultDomainObjectCollectionCustomizer> (0x00000000867c0d18) 
thrown [s\open\src\hotspot\share\classfile\systemDictionary.cpp, line 255]
Event: 35.968 Thread 0x000001a5dfd7a170 Exception <a 'java/lang/ClassNotFoundException'{0x00000000867eacf0}: org/gradle/api/internal/DefaultDomainObjectSetCustomizer> (0x00000000867eacf0) 
thrown [s\open\src\hotspot\share\classfile\systemDictionary.cpp, line 255]
Event: 35.971 Thread 0x000001a5dfd7a170 Exception <a 'java/lang/ClassNotFoundException'{0x0000000086605a30}: org/gradle/api/internal/plugins/DefaultPluginCollectionCustomizer> (0x0000000086605a30) 
thrown [s\open\src\hotspot\share\classfile\systemDictionary.cpp, line 255]
Event: 35.976 Thread 0x000001a5dfd7a170 Exception <a 'java/lang/ClassNotFoundException'{0x000000008663b168}: org/gradle/api/internal/plugins/DefaultPluginContainerCustomizer> (0x000000008663b168) 
thrown [s\open\src\hotspot\share\classfile\systemDictionary.cpp, line 255]
Event: 36.013 Thread 0x000001a5dfd7a170 Exception <a 'java/lang/ClassNotFoundException'{0x000000008669c3d0}: GradleAnnotationProcessorPatchPluginBeanInfo> (0x000000008669c3d0) 
thrown [s\open\src\hotspot\share\classfile\systemDictionary.cpp, line 255]
Event: 36.016 Thread 0x000001a5dfd7a170 Exception <a 'java/lang/ClassNotFoundException'{0x00000000866a7088}: GradleAnnotationProcessorPatchPluginCustomizer> (0x00000000866a7088) 
thrown [s\open\src\hotspot\share\classfile\systemDictionary.cpp, line 255]
Event: 36.034 Thread 0x000001a5dfd7a170 Exception <a 'java/lang/ClassNotFoundException'{0x00000000866d4220}: GradleAnnotationProcessorPatchPlugin$AnnotationProcessorModelBuilderBeanInfo> (0x00000000866d4220) 
thrown [s\open\src\hotspot\share\classfile\systemDictionary.cpp, line 255]
Event: 36.034 Thread 0x000001a5dfd7a170 Exception <a 'java/lang/ClassNotFoundException'{0x00000000866df018}: GradleAnnotationProcessorPatchPlugin$AnnotationProcessorModelBuilderCustomizer> (0x00000000866df018) 
thrown [s\open\src\hotspot\share\classfile\systemDictionary.cpp, line 255]
Event: 36.055 Thread 0x000001a5dfd7a170 Exception <a 'java/lang/ClassNotFoundException'{0x0000000086549070}: org/gradle/tooling/provider/model/internal/DefaultToolingModelBuilderRegistryBeanInfo> (0x0000000086549070) 
thrown [s\open\src\hotspot\share\classfile\systemDictionary.cpp, line 255]
Event: 36.057 Thread 0x000001a5dfd7a170 Exception <a 'java/lang/ClassNotFoundException'{0x000000008655fa38}: org/gradle/tooling/provider/model/internal/DefaultToolingModelBuilderRegistryCustomizer> (0x000000008655fa38) 
thrown [s\open\src\hotspot\share\classfile\systemDictionary.cpp, line 255]

VM Operations (20 events):
Event: 34.032 Executing VM operation: G1CollectForAllocation
Event: 34.039 Executing VM operation: G1CollectForAllocation done
Event: 34.109 Executing VM operation: G1Concurrent
Event: 34.113 Executing VM operation: G1Concurrent done
Event: 34.138 Executing VM operation: G1Concurrent
Event: 34.138 Executing VM operation: G1Concurrent done
Event: 34.686 Executing VM operation: G1CollectForAllocation
Event: 34.692 Executing VM operation: G1CollectForAllocation done
Event: 34.969 Executing VM operation: HandshakeAllThreads
Event: 34.969 Executing VM operation: HandshakeAllThreads done
Event: 35.067 Executing VM operation: G1CollectForAllocation
Event: 35.072 Executing VM operation: G1CollectForAllocation done
Event: 35.121 Executing VM operation: G1Concurrent
Event: 35.127 Executing VM operation: G1Concurrent done
Event: 35.150 Executing VM operation: G1Concurrent
Event: 35.150 Executing VM operation: G1Concurrent done
Event: 35.540 Executing VM operation: G1CollectForAllocation
Event: 35.546 Executing VM operation: G1CollectForAllocation done
Event: 36.550 Executing VM operation: Cleanup
Event: 36.555 Executing VM operation: Cleanup done

Events (20 events):
Event: 30.126 Thread 0x000001a5d9c8b610 flushing nmethod 0x000001a5c4393c90
Event: 30.126 Thread 0x000001a5d9c8b610 flushing nmethod 0x000001a5c4394790
Event: 30.126 Thread 0x000001a5d9c8b610 flushing nmethod 0x000001a5c4395110
Event: 30.126 Thread 0x000001a5d9c8b610 flushing nmethod 0x000001a5c4395610
Event: 30.126 Thread 0x000001a5d9c8b610 flushing nmethod 0x000001a5c4396d90
Event: 30.126 Thread 0x000001a5d9c8b610 flushing nmethod 0x000001a5c4397410
Event: 30.126 Thread 0x000001a5d9c8b610 flushing nmethod 0x000001a5c43b5890
Event: 30.205 Thread 0x000001a5e14c33d0 Thread added: 0x000001a5e14c33d0
Event: 31.005 Thread 0x000001a5de25bf50 Thread added: 0x000001a5de25bf50
Event: 31.248 Thread 0x000001a5e14c38a0 Thread added: 0x000001a5e14c38a0
Event: 31.675 Thread 0x000001a5e14c3d70 Thread added: 0x000001a5e14c3d70
Event: 31.675 Thread 0x000001a5e25d1900 Thread added: 0x000001a5e25d1900
Event: 31.675 Thread 0x000001a5e25d52c0 Thread added: 0x000001a5e25d52c0
Event: 31.676 Thread 0x000001a5e25d3ab0 Thread added: 0x000001a5e25d3ab0
Event: 31.676 Thread 0x000001a5e25d6ad0 Thread added: 0x000001a5e25d6ad0
Event: 31.676 Thread 0x000001a5e25d1dd0 Thread added: 0x000001a5e25d1dd0
Event: 31.676 Thread 0x000001a5e25d6fa0 Thread added: 0x000001a5e25d6fa0
Event: 32.520 Thread 0x000001a5e25d1430 Thread added: 0x000001a5e25d1430
Event: 33.431 Thread 0x000001a5de25bf50 Thread exited: 0x000001a5de25bf50
Event: 34.362 Thread 0x000001a5e25d5790 Thread added: 0x000001a5e25d5790


Dynamic libraries:
0x00007ff6806e0000 - 0x00007ff6806f0000 	C:\Program Files\Java\jdk-18.0.1.1\bin\java.exe
0x00007ffec07b0000 - 0x00007ffec09c7000 	C:\WINDOWS\SYSTEM32\ntdll.dll
0x00007ffebfbe0000 - 0x00007ffebfca4000 	C:\WINDOWS\System32\KERNEL32.DLL
0x00007ffebdc70000 - 0x00007ffebe01c000 	C:\WINDOWS\System32\KERNELBASE.dll
0x00007ffebe1c0000 - 0x00007ffebe2d1000 	C:\WINDOWS\System32\ucrtbase.dll
0x00007ffea3aa0000 - 0x00007ffea3aba000 	C:\Program Files\Java\jdk-18.0.1.1\bin\VCRUNTIME140.dll
0x00007ffea3950000 - 0x00007ffea3968000 	C:\Program Files\Java\jdk-18.0.1.1\bin\jli.dll
0x00007ffebe5a0000 - 0x00007ffebe652000 	C:\WINDOWS\System32\ADVAPI32.dll
0x00007ffebfe80000 - 0x00007ffebff27000 	C:\WINDOWS\System32\msvcrt.dll
0x00007ffebe970000 - 0x00007ffebea1a000 	C:\WINDOWS\System32\sechost.dll
0x00007ffebe4c0000 - 0x00007ffebe4e8000 	C:\WINDOWS\System32\bcrypt.dll
0x00007ffec0570000 - 0x00007ffec0685000 	C:\WINDOWS\System32\RPCRT4.dll
0x00007ffebe660000 - 0x00007ffebe80e000 	C:\WINDOWS\System32\USER32.dll
0x00007ffe985f0000 - 0x00007ffe98883000 	C:\WINDOWS\WinSxS\amd64_microsoft.windows.common-controls_6595b64144ccf1df_6.0.22621.3672_none_2713b9d173822955\COMCTL32.dll
0x00007ffebe190000 - 0x00007ffebe1b6000 	C:\WINDOWS\System32\win32u.dll
0x00007ffec0740000 - 0x00007ffec0769000 	C:\WINDOWS\System32\GDI32.dll
0x00007ffebe3a0000 - 0x00007ffebe4b9000 	C:\WINDOWS\System32\gdi32full.dll
0x00007ffebdbd0000 - 0x00007ffebdc6a000 	C:\WINDOWS\System32\msvcp_win.dll
0x00007ffeb9320000 - 0x00007ffeb932a000 	C:\WINDOWS\SYSTEM32\VERSION.dll
0x00007ffec03b0000 - 0x00007ffec03e1000 	C:\WINDOWS\System32\IMM32.DLL
0x00007ffea3a60000 - 0x00007ffea3a6c000 	C:\Program Files\Java\jdk-18.0.1.1\bin\vcruntime140_1.dll
0x00007ffe70d80000 - 0x00007ffe70e0d000 	C:\Program Files\Java\jdk-18.0.1.1\bin\msvcp140.dll
0x00007ffe2c460000 - 0x00007ffe2d070000 	C:\Program Files\Java\jdk-18.0.1.1\bin\server\jvm.dll
0x00007ffec0690000 - 0x00007ffec0698000 	C:\WINDOWS\System32\PSAPI.DLL
0x00007ffe90ae0000 - 0x00007ffe90ae9000 	C:\WINDOWS\SYSTEM32\WSOCK32.dll
0x00007ffeb8e80000 - 0x00007ffeb8eb4000 	C:\WINDOWS\SYSTEM32\WINMM.dll
0x00007ffebeb80000 - 0x00007ffebebf1000 	C:\WINDOWS\System32\WS2_32.dll
0x00007ffebcad0000 - 0x00007ffebcae8000 	C:\WINDOWS\SYSTEM32\kernel.appcore.dll
0x00007ffea2f60000 - 0x00007ffea2f6a000 	C:\Program Files\Java\jdk-18.0.1.1\bin\jimage.dll
0x00007ffebb070000 - 0x00007ffebb2a2000 	C:\WINDOWS\SYSTEM32\DBGHELP.DLL
0x00007ffebec60000 - 0x00007ffebefe8000 	C:\WINDOWS\System32\combase.dll
0x00007ffebeaa0000 - 0x00007ffebeb77000 	C:\WINDOWS\System32\OLEAUT32.dll
0x00007ffe97e00000 - 0x00007ffe97e32000 	C:\WINDOWS\SYSTEM32\dbgcore.DLL
0x00007ffebdae0000 - 0x00007ffebdb5b000 	C:\WINDOWS\System32\bcryptPrimitives.dll
0x00007ffea2f50000 - 0x00007ffea2f5e000 	C:\Program Files\Java\jdk-18.0.1.1\bin\instrument.dll
0x00007ffe913f0000 - 0x00007ffe91415000 	C:\Program Files\Java\jdk-18.0.1.1\bin\java.dll
0x00007ffe5b530000 - 0x00007ffe5b606000 	C:\Program Files\Java\jdk-18.0.1.1\bin\jsvml.dll
0x00007ffebf010000 - 0x00007ffebf86c000 	C:\WINDOWS\System32\SHELL32.dll
0x00007ffebb9e0000 - 0x00007ffebc2d7000 	C:\WINDOWS\SYSTEM32\windows.storage.dll
0x00007ffebb8a0000 - 0x00007ffebb9df000 	C:\WINDOWS\SYSTEM32\wintypes.dll
0x00007ffebfa20000 - 0x00007ffebfb14000 	C:\WINDOWS\System32\SHCORE.dll
0x00007ffec04f0000 - 0x00007ffec054e000 	C:\WINDOWS\System32\shlwapi.dll
0x00007ffebda10000 - 0x00007ffebda31000 	C:\WINDOWS\SYSTEM32\profapi.dll
0x00007ffea1c20000 - 0x00007ffea1c38000 	C:\Program Files\Java\jdk-18.0.1.1\bin\zip.dll
0x00007ffea1bd0000 - 0x00007ffea1be3000 	C:\Program Files\Java\jdk-18.0.1.1\bin\net.dll
0x00007ffeba470000 - 0x00007ffeba5a6000 	C:\WINDOWS\SYSTEM32\WINHTTP.dll
0x00007ffebcf40000 - 0x00007ffebcfa9000 	C:\WINDOWS\system32\mswsock.dll
0x00007ffe9ca20000 - 0x00007ffe9ca36000 	C:\Program Files\Java\jdk-18.0.1.1\bin\nio.dll
0x00007ffea2630000 - 0x00007ffea2640000 	C:\Program Files\Java\jdk-18.0.1.1\bin\verify.dll
0x00007ffe98a50000 - 0x00007ffe98a77000 	C:\Users\rajva\.gradle\native\c067742578af261105cb4f569cf0c3c89f3d7b1fecec35dd04571415982c5e48\windows-amd64\native-platform.dll
0x00007ffe58600000 - 0x00007ffe58744000 	C:\Users\rajva\.gradle\native\38dada09dfb8b06ba9b0570ebf7e218e3eb74d4ef43ca46872605cf95ebc2f47\windows-amd64\native-platform-file-events.dll
0x00007ffea1b80000 - 0x00007ffea1b89000 	C:\Program Files\Java\jdk-18.0.1.1\bin\management.dll
0x00007ffea1b50000 - 0x00007ffea1b5b000 	C:\Program Files\Java\jdk-18.0.1.1\bin\management_ext.dll
0x00007ffebd1c0000 - 0x00007ffebd1db000 	C:\WINDOWS\SYSTEM32\CRYPTSP.dll
0x00007ffebca30000 - 0x00007ffebca65000 	C:\WINDOWS\system32\rsaenh.dll
0x00007ffebd020000 - 0x00007ffebd048000 	C:\WINDOWS\SYSTEM32\USERENV.dll
0x00007ffebd1e0000 - 0x00007ffebd1ec000 	C:\WINDOWS\SYSTEM32\CRYPTBASE.dll
0x00007ffebc530000 - 0x00007ffebc55d000 	C:\WINDOWS\SYSTEM32\IPHLPAPI.DLL
0x00007ffebfe70000 - 0x00007ffebfe79000 	C:\WINDOWS\System32\NSI.dll
0x00007ffeb9f80000 - 0x00007ffeb9f99000 	C:\WINDOWS\SYSTEM32\dhcpcsvc6.DLL
0x00007ffeb9e70000 - 0x00007ffeb9e8f000 	C:\WINDOWS\SYSTEM32\dhcpcsvc.DLL
0x00007ffebc560000 - 0x00007ffebc658000 	C:\WINDOWS\SYSTEM32\DNSAPI.dll
0x00007ffeb8f00000 - 0x00007ffeb8f0e000 	C:\Program Files\Java\jdk-18.0.1.1\bin\sunmscapi.dll
0x00007ffebe020000 - 0x00007ffebe187000 	C:\WINDOWS\System32\CRYPT32.dll
0x00007ffebd3a0000 - 0x00007ffebd3ce000 	C:\WINDOWS\SYSTEM32\ncrypt.dll
0x00007ffebd360000 - 0x00007ffebd397000 	C:\WINDOWS\SYSTEM32\NTASN1.dll
0x00007ffeb9310000 - 0x00007ffeb931a000 	C:\Windows\System32\rasadhlp.dll
0x00007ffeb90d0000 - 0x00007ffeb9153000 	C:\WINDOWS\System32\fwpuclnt.dll

dbghelp: loaded successfully - version: 4.0.5 - missing functions: none
symbol engine: initialized successfully - sym options: 0x614 - pdb path: .;C:\Program Files\Java\jdk-18.0.1.1\bin;C:\WINDOWS\SYSTEM32;C:\WINDOWS\WinSxS\amd64_microsoft.windows.common-controls_6595b64144ccf1df_6.0.22621.3672_none_2713b9d173822955;C:\Program Files\Java\jdk-18.0.1.1\bin\server;C:\Users\rajva\.gradle\native\c067742578af261105cb4f569cf0c3c89f3d7b1fecec35dd04571415982c5e48\windows-amd64;C:\Users\rajva\.gradle\native\38dada09dfb8b06ba9b0570ebf7e218e3eb74d4ef43ca46872605cf95ebc2f47\windows-amd64

VM Arguments:
jvm_args: -XX:MaxMetaspaceSize=512m --add-opens=java.base/java.util=ALL-UNNAMED --add-opens=java.base/java.lang=ALL-UNNAMED --add-opens=java.base/java.lang.invoke=ALL-UNNAMED --add-opens=java.prefs/java.util.prefs=ALL-UNNAMED --add-opens=java.base/java.nio.charset=ALL-UNNAMED --add-opens=java.base/java.net=ALL-UNNAMED --add-opens=java.base/java.util.concurrent.atomic=ALL-UNNAMED -Xmx2048m -Dfile.encoding=utf8 -Duser.country=IN -Duser.language=en -Duser.variant -javaagent:C:\Users\rajva\.gradle\wrapper\dists\gradle-8.5-all\3zlzzgtsutfj0pbojr50n2l7z\gradle-8.5\lib\agents\gradle-instrumentation-agent-8.5.jar 
java_command: org.gradle.launcher.daemon.bootstrap.GradleDaemon 8.5
java_class_path (initial): C:\Users\rajva\.gradle\wrapper\dists\gradle-8.5-all\3zlzzgtsutfj0pbojr50n2l7z\gradle-8.5\lib\gradle-launcher-8.5.jar
Launcher Type: SUN_STANDARD

[Global flags]
     intx CICompilerCount                          = 4                                         {product} {ergonomic}
   size_t CompressedClassSpaceSize                 = 432013312                                 {product} {ergonomic}
     uint ConcGCThreads                            = 2                                         {product} {ergonomic}
     uint G1ConcRefinementThreads                  = 8                                         {product} {ergonomic}
   size_t G1HeapRegionSize                         = 1048576                                   {product} {ergonomic}
    uintx GCDrainStackTargetSize                   = 64                                        {product} {ergonomic}
   size_t InitialHeapSize                          = 130023424                                 {product} {ergonomic}
   size_t MarkStackSize                            = 4194304                                   {product} {ergonomic}
   size_t MaxHeapSize                              = 2147483648                                {product} {command line}
   size_t MaxMetaspaceSize                         = 536870912                                 {product} {command line}
   size_t MaxNewSize                               = 1287651328                                {product} {ergonomic}
   size_t MinHeapDeltaBytes                        = 1048576                                   {product} {ergonomic}
   size_t MinHeapSize                              = 8388608                                   {product} {ergonomic}
    uintx NonNMethodCodeHeapSize                   = 5839372                                {pd product} {ergonomic}
    uintx NonProfiledCodeHeapSize                  = 122909434                              {pd product} {ergonomic}
    uintx ProfiledCodeHeapSize                     = 122909434                              {pd product} {ergonomic}
    uintx ReservedCodeCacheSize                    = 251658240                              {pd product} {ergonomic}
     bool SegmentedCodeCache                       = true                                      {product} {ergonomic}
   size_t SoftMaxHeapSize                          = 2147483648                             {manageable} {ergonomic}
     bool UseCompressedClassPointers               = true                           {product lp64_product} {ergonomic}
     bool UseCompressedOops                        = true                           {product lp64_product} {ergonomic}
     bool UseG1GC                                  = true                                      {product} {ergonomic}
     bool UseLargePagesIndividualAllocation        = false                                  {pd product} {ergonomic}

Logging:
Log output configuration:
 #0: stdout all=warning uptime,level,tags foldmultilines=false
 #1: stderr all=off uptime,level,tags foldmultilines=false

Environment Variables:
PATH=C:\Users\rajva\AppData\Local\Android\Sdk;C:\Users\rajva\AppData\Local\Android\Sdk\platform-tools;C:\Users\rajva\AppData\Local\Programs\Python\Python310\Scripts;C:\Program Files\Java\jdk-18.0.1.1\bin;C:\Program Files\Java\jdk1.8.0_341\bin;C:\msys64\ucrt64\bin;C:\Program Files\Common Files\Oracle\Java\javapath;C:\Program Files (x86)\Common Files\Oracle\Java\javapath;C:\WINDOWS\system32;C:\WINDOWS;C:\WINDOWS\System32\Wbem;C:\WINDOWS\System32\WindowsPowerShell\v1.0\;C:\WINDOWS\System32\OpenSSH\;C:\Program Files\Git\cmd;C:\Users\rajva\AppData\Roaming\nvm;C:\Program Files\nodejs;C:\Program Files\PostgreSQL\15\bin;C:\Users\rajva\Downloads\apache-maven-3.8.7-bin\apache-maven-3.8.7\bin;C:\Program Files\Apache Software Foundation\Tomcat 10.0\bin\bin;C:\ProgramData\chocolatey\bin;C:\Program Files\MySQL\MySQL Server 8.0\bin;C:\Program Files (x86)\Windows Kits\10\Windows Performance Toolkit\;C:\ngrok;C:\Program Files\HP\HP One Agent;C:\Users\rajva\AppData\Local\Programs\Python\Launcher\;C:\Users\rajva\AppData\Local\Programs\Python\Python310\Scripts\;C:\Users\rajva\AppData\Local\Programs\Python\Python310\;C:\Users\rajva\AppData\Local\Programs\Python\Python310\Scripts;C:\Program Files\Java\jdk-18.0.1.1\bin;C:\Program Files\Java\jdk1.8.0_341\bin;C:\Program Files\MySQL\MySQL Shell 8.0\bin\;C:\msys64\ucrt64\bin;C:\Program Files\PostgreSQL\15\bin;C:\Users\rajva\AppData\Local\Microsoft\WindowsApps;C:\Users\rajva\AppData\Local\GitHubDesktop\bin;C:\Users\rajva\AppData\Roaming\nvm;C:\Program Files\nodejs;C:\Users\rajva\AppData\Local\Programs\Microsoft VS Code\bin;C:\Users\rajva\AppData\Roaming\npm;C:\Users\rajva\AppData\Local\Android\Sdk;C:\Users\rajva\AppData\Local\Android\Sdk\platform-tools;C:\Users\rajva\AppData\Local\Android\Sdk\emulator;C:\Users\rajva\AppData\Local\Android\Sdk\tools;C:\Users\rajva\AppData\Local\Android\Sdk\tools\bin;
USERNAME=rajva
OS=Windows_NT
PROCESSOR_IDENTIFIER=Intel64 Family 6 Model 140 Stepping 2, GenuineIntel



---------------  S Y S T E M  ---------------

OS:
 Windows 11 , 64 bit Build 22621 (10.0.22621.3672)
OS uptime: 7 days 14:26 hours
Hyper-V role detected

CPU: total 8 (initial active 8) (4 cores per cpu, 2 threads per core) family 6 model 140 stepping 2 microcode 0x34, cx8, cmov, fxsr, ht, mmx, 3dnowpref, sse, sse2, sse3, ssse3, sse4.1, sse4.2, popcnt, lzcnt, tsc, tscinvbit, avx, avx2, aes, erms, clmul, bmi1, bmi2, adx, avx512f, avx512dq, avx512cd, avx512bw, avx512vl, sha, fma, vzeroupper, avx512_vpopcntdq, avx512_vpclmulqdq, avx512_vaes, avx512_vnni, clflush, clflushopt, clwb, avx512_vbmi2, avx512_vbmi, hv

Memory: 4k page, system-wide physical 7834M (80M free)
TotalPageFile size 31386M (AvailPageFile size 3M)
current process WorkingSet (physical memory assigned to process): 280M, peak: 290M
current process commit charge ("private bytes"): 357M, peak: 366M

vm_info: Java HotSpot(TM) 64-Bit Server VM (18.0.1.1+2-6) for windows-amd64 JRE (18.0.1.1+2-6), built on Apr 25 2022 21:53:15 by "mach5one" with MS VC++ 16.8 / 16.9 (VS2019)

END.
