#
# There is insufficient memory for the Java Runtime Environment to continue.
# Native memory allocation (malloc) failed to allocate 1258240 bytes. Error detail: Chunk::new
# Possible reasons:
#   The system is out of physical RAM or swap space
#   This process is running with CompressedOops enabled, and the Java Heap may be blocking the growth of the native heap
# Possible solutions:
#   Reduce memory load on the system
#   Increase physical memory or swap space
#   Check if swap backing store is full
#   Decrease Java heap size (-Xmx/-Xms)
#   Decrease number of Java threads
#   Decrease Java thread stack sizes (-Xss)
#   Set larger code cache with -XX:ReservedCodeCacheSize=
#   JVM is running with Unscaled Compressed Oops mode in which the Java heap is
#     placed in the first 4GB address space. The Java Heap base address is the
#     maximum limit for the native heap growth. Please use -XX:HeapBaseMinAddress
#     to set the Java Heap base and to place the Java Heap above 4GB virtual address.
# This output file may be truncated or incomplete.
#
#  Out of Memory Error (arena.cpp:191), pid=31616, tid=20440
#
# JRE version: OpenJDK Runtime Environment Temurin-17.0.11+9 (17.0.11+9) (build 17.0.11+9)
# Java VM: OpenJDK 64-Bit Server VM Temurin-17.0.11+9 (17.0.11+9, mixed mode, tiered, compressed oops, compressed class ptrs, parallel gc, windows-amd64)
# No core dump will be written. Minidumps are not enabled by default on client versions of Windows
#

---------------  S U M M A R Y ------------

Command Line: --add-modules=ALL-SYSTEM --add-opens=java.base/java.util=ALL-UNNAMED --add-opens=java.base/java.lang=ALL-UNNAMED --add-opens=java.base/sun.nio.fs=ALL-UNNAMED -Declipse.application=org.eclipse.jdt.ls.core.id1 -Dosgi.bundles.defaultStartLevel=4 -Declipse.product=org.eclipse.jdt.ls.core.product -Djava.import.generatesMetadataFilesAtProjectRoot=false -DDetectVMInstallationsJob.disabled=true -Dfile.encoding=utf8 -XX:+UseParallelGC -XX:GCTimeRatio=4 -XX:AdaptiveSizePolicyWeight=90 -Dsun.zip.disableMemoryMapping=true -Xmx1G -Xms100m -Xlog:disable -javaagent:c:\Users\rajva\.vscode\extensions\redhat.java-1.32.0-win32-x64\lombok\lombok-1.18.33.jar -XX:+HeapDumpOnOutOfMemoryError -XX:HeapDumpPath=c:\Users\rajva\AppData\Roaming\Code\User\workspaceStorage\05bf3e9176fdc677a123507320faea01\redhat.java -Daether.dependencyCollector.impl=bf c:\Users\rajva\.vscode\extensions\redhat.java-1.32.0-win32-x64\server\plugins\org.eclipse.equinox.launcher_1.6.900.v20240613-2009.jar -configuration c:\Users\rajva\AppData\Roaming\Code\User\globalStorage\redhat.java\1.32.0\config_win -data c:\Users\rajva\AppData\Roaming\Code\User\workspaceStorage\05bf3e9176fdc677a123507320faea01\redhat.java\jdt_ws --pipe=\\.\pipe\lsp-bafd749e6bd06e318ababfc29c9c575f-sock

Host: 11th Gen Intel(R) Core(TM) i5-1155G7 @ 2.50GHz, 8 cores, 7G,  Windows 11 , 64 bit Build 22621 (10.0.22621.3672)
Time: Mon Jul 15 12:45:18 2024 India Standard Time elapsed time: 52.853313 seconds (0d 0h 0m 52s)

---------------  T H R E A D  ---------------

Current thread (0x0000022a33f6b6d0):  JavaThread "C2 CompilerThread0" daemon [_thread_in_native, id=20440, stack(0x000000e485100000,0x000000e485200000)]


Current CompileTask:
C2:  52853 7720       4       java.io.ObjectInputStream::readClassDesc (121 bytes)

Stack: [0x000000e485100000,0x000000e485200000]
Native frames: (J=compiled Java code, j=interpreted, Vv=VM code, C=native code)
V  [jvm.dll+0x67d429]
V  [jvm.dll+0x834b7a]
V  [jvm.dll+0x83663e]
V  [jvm.dll+0x836ca3]
V  [jvm.dll+0x247dbf]
V  [jvm.dll+0xac534]
V  [jvm.dll+0xacb7c]
V  [jvm.dll+0x366647]
V  [jvm.dll+0x1bcf06]
V  [jvm.dll+0x21a5c9]
V  [jvm.dll+0x2198b1]
V  [jvm.dll+0x1a534d]
V  [jvm.dll+0x2295cd]
V  [jvm.dll+0x22779c]
V  [jvm.dll+0x7e9d07]
V  [jvm.dll+0x7e410a]
V  [jvm.dll+0x67c315]
C  [ucrtbase.dll+0x29333]
C  [KERNEL32.DLL+0x1257d]
C  [ntdll.dll+0x5af28]


---------------  P R O C E S S  ---------------

Threads class SMR info:
_java_thread_list=0x0000022a394ee7b0, length=44, elements={
0x0000022a1b012980, 0x0000022a2ee94020, 0x0000022a2ee961a0, 0x0000022a2ee9bf70,
0x0000022a2ee9c840, 0x0000022a2ee9d310, 0x0000022a2ee9dde0, 0x0000022a33f6b6d0,
0x0000022a33f84b40, 0x0000022a33f9d420, 0x0000022a33ffbaa0, 0x0000022a342f9ae0,
0x0000022a35b16b20, 0x0000022a357ce160, 0x0000022a35611b60, 0x0000022a35d911e0,
0x0000022a360e5cc0, 0x0000022a3611d500, 0x0000022a3611fd80, 0x0000022a3611f360,
0x0000022a3611df20, 0x0000022a3611f870, 0x0000022a3611cae0, 0x0000022a3611e430,
0x0000022a3611e940, 0x0000022a37945850, 0x0000022a37941680, 0x0000022a37941b90,
0x0000022a37942ac0, 0x0000022a37943f00, 0x0000022a37945d60, 0x0000022a37944e30,
0x0000022a37944410, 0x0000022a3793f310, 0x0000022a37946270, 0x0000022a37944920,
0x0000022a37946c90, 0x0000022a3793f820, 0x0000022a379439f0, 0x0000022a379420a0,
0x0000022a3793fd30, 0x0000022a37940240, 0x0000022a37940750, 0x0000022a37940c60
}

Java Threads: ( => current thread )
  0x0000022a1b012980 JavaThread "main" [_thread_blocked, id=14384, stack(0x000000e484800000,0x000000e484900000)]
  0x0000022a2ee94020 JavaThread "Reference Handler" daemon [_thread_blocked, id=10748, stack(0x000000e484b00000,0x000000e484c00000)]
  0x0000022a2ee961a0 JavaThread "Finalizer" daemon [_thread_blocked, id=30584, stack(0x000000e484c00000,0x000000e484d00000)]
  0x0000022a2ee9bf70 JavaThread "Signal Dispatcher" daemon [_thread_blocked, id=12172, stack(0x000000e484d00000,0x000000e484e00000)]
  0x0000022a2ee9c840 JavaThread "Attach Listener" daemon [_thread_blocked, id=17904, stack(0x000000e484e00000,0x000000e484f00000)]
  0x0000022a2ee9d310 JavaThread "Service Thread" daemon [_thread_blocked, id=31672, stack(0x000000e484f00000,0x000000e485000000)]
  0x0000022a2ee9dde0 JavaThread "Monitor Deflation Thread" daemon [_thread_blocked, id=3792, stack(0x000000e485000000,0x000000e485100000)]
=>0x0000022a33f6b6d0 JavaThread "C2 CompilerThread0" daemon [_thread_in_native, id=20440, stack(0x000000e485100000,0x000000e485200000)]
  0x0000022a33f84b40 JavaThread "C1 CompilerThread0" daemon [_thread_blocked, id=30456, stack(0x000000e485200000,0x000000e485300000)]
  0x0000022a33f9d420 JavaThread "Sweeper thread" daemon [_thread_blocked, id=9660, stack(0x000000e485300000,0x000000e485400000)]
  0x0000022a33ffbaa0 JavaThread "Common-Cleaner" daemon [_thread_blocked, id=18220, stack(0x000000e485400000,0x000000e485500000)]
  0x0000022a342f9ae0 JavaThread "Notification Thread" daemon [_thread_blocked, id=30236, stack(0x000000e485500000,0x000000e485600000)]
  0x0000022a35b16b20 JavaThread "Active Thread: Equinox Container: 1c15ed59-08b5-482e-85f6-4d2d827da656" [_thread_blocked, id=31284, stack(0x000000e485e00000,0x000000e485f00000)]
  0x0000022a357ce160 JavaThread "Framework Event Dispatcher: Equinox Container: 1c15ed59-08b5-482e-85f6-4d2d827da656" daemon [_thread_blocked, id=9220, stack(0x000000e485f00000,0x000000e486000000)]
  0x0000022a35611b60 JavaThread "Start Level: Equinox Container: 1c15ed59-08b5-482e-85f6-4d2d827da656" daemon [_thread_blocked, id=20496, stack(0x000000e486000000,0x000000e486100000)]
  0x0000022a35d911e0 JavaThread "Bundle File Closer" daemon [_thread_blocked, id=25624, stack(0x000000e486200000,0x000000e486300000)]
  0x0000022a360e5cc0 JavaThread "SCR Component Actor" daemon [_thread_blocked, id=17860, stack(0x000000e485d00000,0x000000e485e00000)]
  0x0000022a3611d500 JavaThread "Worker-JM" [_thread_blocked, id=23868, stack(0x000000e486400000,0x000000e486500000)]
  0x0000022a3611fd80 JavaThread "Worker-0" [_thread_blocked, id=6040, stack(0x000000e486600000,0x000000e486700000)]
  0x0000022a3611f360 JavaThread "Worker-1" [_thread_blocked, id=31468, stack(0x000000e486700000,0x000000e486800000)]
  0x0000022a3611df20 JavaThread "Java indexing" daemon [_thread_blocked, id=10664, stack(0x000000e486900000,0x000000e486a00000)]
  0x0000022a3611f870 JavaThread "Worker-2: Initialize Workspace" [_thread_blocked, id=13004, stack(0x000000e486a00000,0x000000e486b00000)]
  0x0000022a3611cae0 JavaThread "Worker-3" [_thread_blocked, id=19440, stack(0x000000e486b00000,0x000000e486c00000)]
  0x0000022a3611e430 JavaThread "JNA Cleaner" daemon [_thread_blocked, id=22584, stack(0x000000e486c00000,0x000000e486d00000)]
  0x0000022a3611e940 JavaThread "Thread-2" daemon [_thread_in_native, id=28288, stack(0x000000e486d00000,0x000000e486e00000)]
  0x0000022a37945850 JavaThread "Thread-3" daemon [_thread_in_native, id=11196, stack(0x000000e486e00000,0x000000e486f00000)]
  0x0000022a37941680 JavaThread "Thread-4" daemon [_thread_in_native, id=14092, stack(0x000000e486f00000,0x000000e487000000)]
  0x0000022a37941b90 JavaThread "Thread-5" daemon [_thread_in_native, id=12836, stack(0x000000e487000000,0x000000e487100000)]
  0x0000022a37942ac0 JavaThread "Thread-6" daemon [_thread_in_native, id=18556, stack(0x000000e487100000,0x000000e487200000)]
  0x0000022a37943f00 JavaThread "Thread-7" daemon [_thread_in_native, id=5804, stack(0x000000e487200000,0x000000e487300000)]
  0x0000022a37945d60 JavaThread "Thread-8" daemon [_thread_in_native, id=3004, stack(0x000000e487300000,0x000000e487400000)]
  0x0000022a37944e30 JavaThread "Thread-9" daemon [_thread_in_native, id=23080, stack(0x000000e487400000,0x000000e487500000)]
  0x0000022a37944410 JavaThread "Thread-10" daemon [_thread_in_native, id=14832, stack(0x000000e487500000,0x000000e487600000)]
  0x0000022a3793f310 JavaThread "pool-2-thread-1" [_thread_blocked, id=20520, stack(0x000000e487600000,0x000000e487700000)]
  0x0000022a37946270 JavaThread "WorkspaceEventsHandler" [_thread_blocked, id=14084, stack(0x000000e487700000,0x000000e487800000)]
  0x0000022a37944920 JavaThread "pool-1-thread-1" [_thread_blocked, id=24252, stack(0x000000e487800000,0x000000e487900000)]
  0x0000022a37946c90 JavaThread "Timer-0" [_thread_blocked, id=18036, stack(0x000000e487b00000,0x000000e487c00000)]
  0x0000022a3793f820 JavaThread "Exec process" [_thread_blocked, id=16516, stack(0x000000e486300000,0x000000e486400000)]
  0x0000022a379439f0 JavaThread "Exec process Thread 2" [_thread_blocked, id=22728, stack(0x000000e486500000,0x000000e486600000)]
  0x0000022a379420a0 JavaThread "Exec process Thread 3" [_thread_blocked, id=23400, stack(0x000000e486800000,0x000000e486900000)]
  0x0000022a3793fd30 JavaThread "Timer-1" [_thread_blocked, id=26880, stack(0x000000e487d00000,0x000000e487e00000)]
  0x0000022a37940240 JavaThread "Connection worker" [_thread_in_native, id=26912, stack(0x000000e487e00000,0x000000e487f00000)]
  0x0000022a37940750 JavaThread "pool-3-thread-1" [_thread_in_Java, id=7860, stack(0x000000e487f00000,0x000000e488000000)]
  0x0000022a37940c60 JavaThread "Forward input" [_thread_blocked, id=24204, stack(0x000000e488000000,0x000000e488100000)]

Other Threads:
  0x0000022a1b0be900 VMThread "VM Thread" [stack: 0x000000e484a00000,0x000000e484b00000] [id=19076]
  0x0000022a34278450 WatcherThread [stack: 0x000000e485600000,0x000000e485700000] [id=22220]
  0x0000022a1b0284f0 GCTaskThread "GC Thread#0" [stack: 0x000000e484900000,0x000000e484a00000] [id=26992]
  0x0000022a3588eff0 GCTaskThread "GC Thread#1" [stack: 0x000000e485700000,0x000000e485800000] [id=11572]
  0x0000022a35914200 GCTaskThread "GC Thread#2" [stack: 0x000000e485800000,0x000000e485900000] [id=13572]
  0x0000022a359144c0 GCTaskThread "GC Thread#3" [stack: 0x000000e485900000,0x000000e485a00000] [id=6004]
  0x0000022a35914780 GCTaskThread "GC Thread#4" [stack: 0x000000e485a00000,0x000000e485b00000] [id=10256]
  0x0000022a3561c6c0 GCTaskThread "GC Thread#5" [stack: 0x000000e485b00000,0x000000e485c00000] [id=7436]
  0x0000022a3561c980 GCTaskThread "GC Thread#6" [stack: 0x000000e485c00000,0x000000e485d00000] [id=10012]
  0x0000022a35c28ef0 GCTaskThread "GC Thread#7" [stack: 0x000000e486100000,0x000000e486200000] [id=24540]

Threads with active compile tasks:
C2 CompilerThread0    52932 7720       4       java.io.ObjectInputStream::readClassDesc (121 bytes)

VM state: not at safepoint (normal execution)

VM Mutex/Monitor currently owned by a thread: None

Heap address: 0x00000000c0000000, size: 1024 MB, Compressed Oops mode: 32-bit

CDS archive(s) not mapped
Compressed class space mapped at: 0x0000000100000000-0x0000000140000000, reserved size: 1073741824
Narrow klass base: 0x0000000000000000, Narrow klass shift: 3, Narrow klass range: 0x140000000

GC Precious Log:
 CPUs: 8 total, 8 available
 Memory: 7834M
 Large Page Support: Disabled
 NUMA Support: Disabled
 Compressed Oops: Enabled (32-bit)
 Alignments: Space 512K, Generation 512K, Heap 2M
 Heap Min Capacity: 100M
 Heap Initial Capacity: 100M
 Heap Max Capacity: 1G
 Pre-touch: Disabled
 Parallel Workers: 8

Heap:
 PSYoungGen      total 15872K, used 14228K [0x00000000eab00000, 0x00000000ec280000, 0x0000000100000000)
  eden space 13824K, 98% used [0x00000000eab00000,0x00000000eb8550c0,0x00000000eb880000)
  from space 2048K, 28% used [0x00000000ebf00000,0x00000000ebf90020,0x00000000ec100000)
  to   space 1024K, 0% used [0x00000000ec180000,0x00000000ec180000,0x00000000ec280000)
 ParOldGen       total 68608K, used 40763K [0x00000000c0000000, 0x00000000c4300000, 0x00000000eab00000)
  object space 68608K, 59% used [0x00000000c0000000,0x00000000c27cef68,0x00000000c4300000)
 Metaspace       used 66188K, committed 67264K, reserved 1114112K
  class space    used 7704K, committed 8192K, reserved 1048576K

Card table byte_map: [0x0000022a1a9a0000,0x0000022a1abb0000] _byte_map_base: 0x0000022a1a3a0000

Marking Bits: (ParMarkBitMap*) 0x00007ffe2dc0d820
 Begin Bits: [0x0000022a2cca0000, 0x0000022a2dca0000)
 End Bits:   [0x0000022a2dca0000, 0x0000022a2eca0000)

Polling page: 0x0000022a18f60000

Metaspace:

Usage:
  Non-class:     57.11 MB used.
      Class:      7.52 MB used.
       Both:     64.64 MB used.

Virtual space:
  Non-class space:       64.00 MB reserved,      57.69 MB ( 90%) committed,  1 nodes.
      Class space:        1.00 GB reserved,       8.00 MB ( <1%) committed,  1 nodes.
             Both:        1.06 GB reserved,      65.69 MB (  6%) committed. 

Chunk freelists:
   Non-Class:  6.14 MB
       Class:  8.00 MB
        Both:  14.14 MB

MaxMetaspaceSize: unlimited
CompressedClassSpaceSize: 1.00 GB
Initial GC threshold: 21.00 MB
Current GC threshold: 97.31 MB
CDS: off
MetaspaceReclaimPolicy: balanced
 - commit_granule_bytes: 65536.
 - commit_granule_words: 8192.
 - virtual_space_node_default_size: 8388608.
 - enlarge_chunks_in_place: 1.
 - new_chunks_are_fully_committed: 0.
 - uncommit_free_chunks: 1.
 - use_allocation_guard: 0.
 - handle_deallocations: 1.


Internal statistics:

num_allocs_failed_limit: 9.
num_arena_births: 642.
num_arena_deaths: 14.
num_vsnodes_births: 2.
num_vsnodes_deaths: 0.
num_space_committed: 1051.
num_space_uncommitted: 0.
num_chunks_returned_to_freelist: 23.
num_chunks_taken_from_freelist: 2970.
num_chunk_merges: 14.
num_chunk_splits: 1914.
num_chunks_enlarged: 1221.
num_inconsistent_stats: 0.

CodeHeap 'non-profiled nmethods': size=120000Kb used=4255Kb max_used=4255Kb free=115744Kb
 bounds [0x0000022a25770000, 0x0000022a25ba0000, 0x0000022a2cca0000]
CodeHeap 'profiled nmethods': size=120000Kb used=14059Kb max_used=14059Kb free=105940Kb
 bounds [0x0000022a1dca0000, 0x0000022a1ea60000, 0x0000022a251d0000]
CodeHeap 'non-nmethods': size=5760Kb used=1369Kb max_used=1429Kb free=4390Kb
 bounds [0x0000022a251d0000, 0x0000022a25440000, 0x0000022a25770000]
 total_blobs=7570 nmethods=6872 adapters=612
 compilation: enabled
              stopped_count=0, restarted_count=0
 full_count=0

Compilation events (20 events):
Event: 52.070 Thread 0x0000022a33f6b6d0 nmethod 7715 0x0000022a25b97990 code [0x0000022a25b97b20, 0x0000022a25b97c68]
Event: 52.368 Thread 0x0000022a33f84b40 7717       3       org.gradle.tooling.events.internal.BaseProgressEvent::<init> (21 bytes)
Event: 52.368 Thread 0x0000022a33f84b40 nmethod 7717 0x0000022a1ea56090 code [0x0000022a1ea56220, 0x0000022a1ea563b8]
Event: 52.368 Thread 0x0000022a33f84b40 7718   !   3       jdk.proxy9.$Proxy62::statusChanged (34 bytes)
Event: 52.368 Thread 0x0000022a33f6b6d0 7720       4       java.io.ObjectInputStream::readClassDesc (121 bytes)
Event: 52.369 Thread 0x0000022a33f84b40 nmethod 7718 0x0000022a1ea56490 code [0x0000022a1ea56660, 0x0000022a1ea56b18]
Event: 52.369 Thread 0x0000022a33f84b40 7719       3       org.eclipse.buildship.core.internal.util.progress.CancellationForwardingListener::statusChanged (5 bytes)
Event: 52.369 Thread 0x0000022a33f84b40 nmethod 7719 0x0000022a1ea56d90 code [0x0000022a1ea56f60, 0x0000022a1ea57318]
Event: 52.674 Thread 0x0000022a33f84b40 7722       3       java.io.ObjectInputStream::readStreamHeader (61 bytes)
Event: 52.677 Thread 0x0000022a33f84b40 nmethod 7722 0x0000022a1ea57510 code [0x0000022a1ea577c0, 0x0000022a1ea58478]
Event: 52.683 Thread 0x0000022a33f84b40 7723       3       java.util.TaskQueue::fixDown (108 bytes)
Event: 52.684 Thread 0x0000022a33f84b40 nmethod 7723 0x0000022a1ea58990 code [0x0000022a1ea58b60, 0x0000022a1ea59138]
Event: 52.714 Thread 0x0000022a33f84b40 7725       3       java.io.ObjectInputStream::readNull (27 bytes)
Event: 52.715 Thread 0x0000022a33f84b40 nmethod 7725 0x0000022a1ea59390 code [0x0000022a1ea59560, 0x0000022a1ea59908]
Event: 52.716 Thread 0x0000022a33f84b40 7726       3       org.gradle.tooling.internal.consumer.parameters.BuildProgressListenerAdapter::genericFinishedEvent (44 bytes)
Event: 52.717 Thread 0x0000022a33f84b40 nmethod 7726 0x0000022a1ea59a90 code [0x0000022a1ea59c80, 0x0000022a1ea5a178]
Event: 52.717 Thread 0x0000022a33f84b40 7727       3       org.gradle.tooling.internal.consumer.parameters.BuildProgressListenerAdapter::genericStartedEvent (42 bytes)
Event: 52.718 Thread 0x0000022a33f84b40 nmethod 7727 0x0000022a1ea5a410 code [0x0000022a1ea5a660, 0x0000022a1ea5b048]
Event: 52.785 Thread 0x0000022a33f84b40 7729       3       java.io.ObjectStreamClass::checkInitialized (19 bytes)
Event: 52.785 Thread 0x0000022a33f84b40 nmethod 7729 0x0000022a1ea5b410 code [0x0000022a1ea5b5c0, 0x0000022a1ea5b788]

GC Heap History (20 events):
Event: 13.118 GC heap before
{Heap before GC invocations=25 (full 2):
 PSYoungGen      total 14336K, used 5173K [0x00000000eab00000, 0x00000000ed680000, 0x0000000100000000)
  eden space 13824K, 33% used [0x00000000eab00000,0x00000000eaf8e3c8,0x00000000eb880000)
  from space 512K, 99% used [0x00000000ec380000,0x00000000ec3ff080,0x00000000ec400000)
  to   space 11264K, 0% used [0x00000000eb880000,0x00000000eb880000,0x00000000ec380000)
 ParOldGen       total 68608K, used 35396K [0x00000000c0000000, 0x00000000c4300000, 0x00000000eab00000)
  object space 68608K, 51% used [0x00000000c0000000,0x00000000c22913f8,0x00000000c4300000)
 Metaspace       used 58772K, committed 59776K, reserved 1114112K
  class space    used 6610K, committed 7040K, reserved 1048576K
}
Event: 13.119 GC heap after
{Heap after GC invocations=25 (full 2):
 PSYoungGen      total 25088K, used 352K [0x00000000eab00000, 0x00000000ec880000, 0x0000000100000000)
  eden space 13824K, 0% used [0x00000000eab00000,0x00000000eab00000,0x00000000eb880000)
  from space 11264K, 3% used [0x00000000eb880000,0x00000000eb8d8000,0x00000000ec380000)
  to   space 4096K, 0% used [0x00000000ec480000,0x00000000ec480000,0x00000000ec880000)
 ParOldGen       total 68608K, used 35901K [0x00000000c0000000, 0x00000000c4300000, 0x00000000eab00000)
  object space 68608K, 52% used [0x00000000c0000000,0x00000000c230f7c0,0x00000000c4300000)
 Metaspace       used 58772K, committed 59776K, reserved 1114112K
  class space    used 6610K, committed 7040K, reserved 1048576K
}
Event: 13.119 GC heap before
{Heap before GC invocations=26 (full 3):
 PSYoungGen      total 25088K, used 352K [0x00000000eab00000, 0x00000000ec880000, 0x0000000100000000)
  eden space 13824K, 0% used [0x00000000eab00000,0x00000000eab00000,0x00000000eb880000)
  from space 11264K, 3% used [0x00000000eb880000,0x00000000eb8d8000,0x00000000ec380000)
  to   space 4096K, 0% used [0x00000000ec480000,0x00000000ec480000,0x00000000ec880000)
 ParOldGen       total 68608K, used 35901K [0x00000000c0000000, 0x00000000c4300000, 0x00000000eab00000)
  object space 68608K, 52% used [0x00000000c0000000,0x00000000c230f7c0,0x00000000c4300000)
 Metaspace       used 58772K, committed 59776K, reserved 1114112K
  class space    used 6610K, committed 7040K, reserved 1048576K
}
Event: 13.200 GC heap after
{Heap after GC invocations=26 (full 3):
 PSYoungGen      total 25088K, used 0K [0x00000000eab00000, 0x00000000ec880000, 0x0000000100000000)
  eden space 13824K, 0% used [0x00000000eab00000,0x00000000eab00000,0x00000000eb880000)
  from space 11264K, 0% used [0x00000000eb880000,0x00000000eb880000,0x00000000ec380000)
  to   space 4096K, 0% used [0x00000000ec480000,0x00000000ec480000,0x00000000ec880000)
 ParOldGen       total 68608K, used 34106K [0x00000000c0000000, 0x00000000c4300000, 0x00000000eab00000)
  object space 68608K, 49% used [0x00000000c0000000,0x00000000c214ea60,0x00000000c4300000)
 Metaspace       used 58772K, committed 59776K, reserved 1114112K
  class space    used 6610K, committed 7040K, reserved 1048576K
}
Event: 13.634 GC heap before
{Heap before GC invocations=27 (full 3):
 PSYoungGen      total 25088K, used 13824K [0x00000000eab00000, 0x00000000ec880000, 0x0000000100000000)
  eden space 13824K, 100% used [0x00000000eab00000,0x00000000eb880000,0x00000000eb880000)
  from space 11264K, 0% used [0x00000000eb880000,0x00000000eb880000,0x00000000ec380000)
  to   space 4096K, 0% used [0x00000000ec480000,0x00000000ec480000,0x00000000ec880000)
 ParOldGen       total 68608K, used 34106K [0x00000000c0000000, 0x00000000c4300000, 0x00000000eab00000)
  object space 68608K, 49% used [0x00000000c0000000,0x00000000c214ea60,0x00000000c4300000)
 Metaspace       used 59471K, committed 60480K, reserved 1114112K
  class space    used 6704K, committed 7104K, reserved 1048576K
}
Event: 13.636 GC heap after
{Heap after GC invocations=27 (full 3):
 PSYoungGen      total 14848K, used 576K [0x00000000eab00000, 0x00000000ec580000, 0x0000000100000000)
  eden space 13824K, 0% used [0x00000000eab00000,0x00000000eab00000,0x00000000eb880000)
  from space 1024K, 56% used [0x00000000ec480000,0x00000000ec510000,0x00000000ec580000)
  to   space 1536K, 0% used [0x00000000ec280000,0x00000000ec280000,0x00000000ec400000)
 ParOldGen       total 68608K, used 34114K [0x00000000c0000000, 0x00000000c4300000, 0x00000000eab00000)
  object space 68608K, 49% used [0x00000000c0000000,0x00000000c2150a60,0x00000000c4300000)
 Metaspace       used 59471K, committed 60480K, reserved 1114112K
  class space    used 6704K, committed 7104K, reserved 1048576K
}
Event: 14.008 GC heap before
{Heap before GC invocations=28 (full 3):
 PSYoungGen      total 14848K, used 14400K [0x00000000eab00000, 0x00000000ec580000, 0x0000000100000000)
  eden space 13824K, 100% used [0x00000000eab00000,0x00000000eb880000,0x00000000eb880000)
  from space 1024K, 56% used [0x00000000ec480000,0x00000000ec510000,0x00000000ec580000)
  to   space 1536K, 0% used [0x00000000ec280000,0x00000000ec280000,0x00000000ec400000)
 ParOldGen       total 68608K, used 34114K [0x00000000c0000000, 0x00000000c4300000, 0x00000000eab00000)
  object space 68608K, 49% used [0x00000000c0000000,0x00000000c2150a60,0x00000000c4300000)
 Metaspace       used 59488K, committed 60480K, reserved 1114112K
  class space    used 6704K, committed 7104K, reserved 1048576K
}
Event: 14.009 GC heap after
{Heap after GC invocations=28 (full 3):
 PSYoungGen      total 15360K, used 384K [0x00000000eab00000, 0x00000000ec500000, 0x0000000100000000)
  eden space 13824K, 0% used [0x00000000eab00000,0x00000000eab00000,0x00000000eb880000)
  from space 1536K, 25% used [0x00000000ec280000,0x00000000ec2e0000,0x00000000ec400000)
  to   space 1024K, 0% used [0x00000000ec400000,0x00000000ec400000,0x00000000ec500000)
 ParOldGen       total 68608K, used 34539K [0x00000000c0000000, 0x00000000c4300000, 0x00000000eab00000)
  object space 68608K, 50% used [0x00000000c0000000,0x00000000c21bae00,0x00000000c4300000)
 Metaspace       used 59488K, committed 60480K, reserved 1114112K
  class space    used 6704K, committed 7104K, reserved 1048576K
}
Event: 14.331 GC heap before
{Heap before GC invocations=29 (full 3):
 PSYoungGen      total 15360K, used 14208K [0x00000000eab00000, 0x00000000ec500000, 0x0000000100000000)
  eden space 13824K, 100% used [0x00000000eab00000,0x00000000eb880000,0x00000000eb880000)
  from space 1536K, 25% used [0x00000000ec280000,0x00000000ec2e0000,0x00000000ec400000)
  to   space 1024K, 0% used [0x00000000ec400000,0x00000000ec400000,0x00000000ec500000)
 ParOldGen       total 68608K, used 34539K [0x00000000c0000000, 0x00000000c4300000, 0x00000000eab00000)
  object space 68608K, 50% used [0x00000000c0000000,0x00000000c21bae00,0x00000000c4300000)
 Metaspace       used 59505K, committed 60480K, reserved 1114112K
  class space    used 6704K, committed 7104K, reserved 1048576K
}
Event: 14.333 GC heap after
{Heap after GC invocations=29 (full 3):
 PSYoungGen      total 14848K, used 1017K [0x00000000eab00000, 0x00000000ec500000, 0x0000000100000000)
  eden space 13824K, 0% used [0x00000000eab00000,0x00000000eab00000,0x00000000eb880000)
  from space 1024K, 99% used [0x00000000ec400000,0x00000000ec4fe690,0x00000000ec500000)
  to   space 5120K, 0% used [0x00000000ebb00000,0x00000000ebb00000,0x00000000ec000000)
 ParOldGen       total 68608K, used 37721K [0x00000000c0000000, 0x00000000c4300000, 0x00000000eab00000)
  object space 68608K, 54% used [0x00000000c0000000,0x00000000c24d6670,0x00000000c4300000)
 Metaspace       used 59505K, committed 60480K, reserved 1114112K
  class space    used 6704K, committed 7104K, reserved 1048576K
}
Event: 14.479 GC heap before
{Heap before GC invocations=30 (full 3):
 PSYoungGen      total 14848K, used 14841K [0x00000000eab00000, 0x00000000ec500000, 0x0000000100000000)
  eden space 13824K, 99% used [0x00000000eab00000,0x00000000eb87ffd0,0x00000000eb880000)
  from space 1024K, 99% used [0x00000000ec400000,0x00000000ec4fe690,0x00000000ec500000)
  to   space 5120K, 0% used [0x00000000ebb00000,0x00000000ebb00000,0x00000000ec000000)
 ParOldGen       total 68608K, used 37721K [0x00000000c0000000, 0x00000000c4300000, 0x00000000eab00000)
  object space 68608K, 54% used [0x00000000c0000000,0x00000000c24d6670,0x00000000c4300000)
 Metaspace       used 60160K, committed 61184K, reserved 1114112K
  class space    used 6831K, committed 7232K, reserved 1048576K
}
Event: 14.481 GC heap after
{Heap after GC invocations=30 (full 3):
 PSYoungGen      total 18944K, used 544K [0x00000000eab00000, 0x00000000ec480000, 0x0000000100000000)
  eden space 13824K, 0% used [0x00000000eab00000,0x00000000eab00000,0x00000000eb880000)
  from space 5120K, 10% used [0x00000000ebb00000,0x00000000ebb88000,0x00000000ec000000)
  to   space 2048K, 0% used [0x00000000ec280000,0x00000000ec280000,0x00000000ec480000)
 ParOldGen       total 68608K, used 38747K [0x00000000c0000000, 0x00000000c4300000, 0x00000000eab00000)
  object space 68608K, 56% used [0x00000000c0000000,0x00000000c25d6d70,0x00000000c4300000)
 Metaspace       used 60160K, committed 61184K, reserved 1114112K
  class space    used 6831K, committed 7232K, reserved 1048576K
}
Event: 14.667 GC heap before
{Heap before GC invocations=31 (full 3):
 PSYoungGen      total 18944K, used 14368K [0x00000000eab00000, 0x00000000ec480000, 0x0000000100000000)
  eden space 13824K, 100% used [0x00000000eab00000,0x00000000eb880000,0x00000000eb880000)
  from space 5120K, 10% used [0x00000000ebb00000,0x00000000ebb88000,0x00000000ec000000)
  to   space 2048K, 0% used [0x00000000ec280000,0x00000000ec280000,0x00000000ec480000)
 ParOldGen       total 68608K, used 38747K [0x00000000c0000000, 0x00000000c4300000, 0x00000000eab00000)
  object space 68608K, 56% used [0x00000000c0000000,0x00000000c25d6d70,0x00000000c4300000)
 Metaspace       used 61488K, committed 62528K, reserved 1114112K
  class space    used 7055K, committed 7488K, reserved 1048576K
}
Event: 14.669 GC heap after
{Heap after GC invocations=31 (full 3):
 PSYoungGen      total 14848K, used 576K [0x00000000eab00000, 0x00000000ec380000, 0x0000000100000000)
  eden space 13824K, 0% used [0x00000000eab00000,0x00000000eab00000,0x00000000eb880000)
  from space 1024K, 56% used [0x00000000ec280000,0x00000000ec310000,0x00000000ec380000)
  to   space 1024K, 0% used [0x00000000ec180000,0x00000000ec180000,0x00000000ec280000)
 ParOldGen       total 68608K, used 39202K [0x00000000c0000000, 0x00000000c4300000, 0x00000000eab00000)
  object space 68608K, 57% used [0x00000000c0000000,0x00000000c2648b88,0x00000000c4300000)
 Metaspace       used 61488K, committed 62528K, reserved 1114112K
  class space    used 7055K, committed 7488K, reserved 1048576K
}
Event: 14.823 GC heap before
{Heap before GC invocations=32 (full 3):
 PSYoungGen      total 14848K, used 14400K [0x00000000eab00000, 0x00000000ec380000, 0x0000000100000000)
  eden space 13824K, 100% used [0x00000000eab00000,0x00000000eb880000,0x00000000eb880000)
  from space 1024K, 56% used [0x00000000ec280000,0x00000000ec310000,0x00000000ec380000)
  to   space 1024K, 0% used [0x00000000ec180000,0x00000000ec180000,0x00000000ec280000)
 ParOldGen       total 68608K, used 39202K [0x00000000c0000000, 0x00000000c4300000, 0x00000000eab00000)
  object space 68608K, 57% used [0x00000000c0000000,0x00000000c2648b88,0x00000000c4300000)
 Metaspace       used 62970K, committed 64000K, reserved 1114112K
  class space    used 7305K, committed 7744K, reserved 1048576K
}
Event: 14.825 GC heap after
{Heap after GC invocations=32 (full 3):
 PSYoungGen      total 14336K, used 448K [0x00000000eab00000, 0x00000000ec300000, 0x0000000100000000)
  eden space 13824K, 0% used [0x00000000eab00000,0x00000000eab00000,0x00000000eb880000)
  from space 512K, 87% used [0x00000000ec180000,0x00000000ec1f0000,0x00000000ec200000)
  to   space 1024K, 0% used [0x00000000ec200000,0x00000000ec200000,0x00000000ec300000)
 ParOldGen       total 68608K, used 39658K [0x00000000c0000000, 0x00000000c4300000, 0x00000000eab00000)
  object space 68608K, 57% used [0x00000000c0000000,0x00000000c26babc8,0x00000000c4300000)
 Metaspace       used 62970K, committed 64000K, reserved 1114112K
  class space    used 7305K, committed 7744K, reserved 1048576K
}
Event: 15.692 GC heap before
{Heap before GC invocations=33 (full 3):
 PSYoungGen      total 14336K, used 14272K [0x00000000eab00000, 0x00000000ec300000, 0x0000000100000000)
  eden space 13824K, 100% used [0x00000000eab00000,0x00000000eb880000,0x00000000eb880000)
  from space 512K, 87% used [0x00000000ec180000,0x00000000ec1f0000,0x00000000ec200000)
  to   space 1024K, 0% used [0x00000000ec200000,0x00000000ec200000,0x00000000ec300000)
 ParOldGen       total 68608K, used 39658K [0x00000000c0000000, 0x00000000c4300000, 0x00000000eab00000)
  object space 68608K, 57% used [0x00000000c0000000,0x00000000c26babc8,0x00000000c4300000)
 Metaspace       used 64319K, committed 65408K, reserved 1114112K
  class space    used 7489K, committed 7936K, reserved 1048576K
}
Event: 15.695 GC heap after
{Heap after GC invocations=33 (full 3):
 PSYoungGen      total 14848K, used 996K [0x00000000eab00000, 0x00000000ec300000, 0x0000000100000000)
  eden space 13824K, 0% used [0x00000000eab00000,0x00000000eab00000,0x00000000eb880000)
  from space 1024K, 97% used [0x00000000ec200000,0x00000000ec2f9010,0x00000000ec300000)
  to   space 2048K, 0% used [0x00000000ebf00000,0x00000000ebf00000,0x00000000ec100000)
 ParOldGen       total 68608K, used 40419K [0x00000000c0000000, 0x00000000c4300000, 0x00000000eab00000)
  object space 68608K, 58% used [0x00000000c0000000,0x00000000c2778f58,0x00000000c4300000)
 Metaspace       used 64319K, committed 65408K, reserved 1114112K
  class space    used 7489K, committed 7936K, reserved 1048576K
}
Event: 21.305 GC heap before
{Heap before GC invocations=34 (full 3):
 PSYoungGen      total 14848K, used 14820K [0x00000000eab00000, 0x00000000ec300000, 0x0000000100000000)
  eden space 13824K, 100% used [0x00000000eab00000,0x00000000eb880000,0x00000000eb880000)
  from space 1024K, 97% used [0x00000000ec200000,0x00000000ec2f9010,0x00000000ec300000)
  to   space 2048K, 0% used [0x00000000ebf00000,0x00000000ebf00000,0x00000000ec100000)
 ParOldGen       total 68608K, used 40419K [0x00000000c0000000, 0x00000000c4300000, 0x00000000eab00000)
  object space 68608K, 58% used [0x00000000c0000000,0x00000000c2778f58,0x00000000c4300000)
 Metaspace       used 65601K, committed 66688K, reserved 1114112K
  class space    used 7679K, committed 8128K, reserved 1048576K
}
Event: 21.308 GC heap after
{Heap after GC invocations=34 (full 3):
 PSYoungGen      total 15872K, used 576K [0x00000000eab00000, 0x00000000ec280000, 0x0000000100000000)
  eden space 13824K, 0% used [0x00000000eab00000,0x00000000eab00000,0x00000000eb880000)
  from space 2048K, 28% used [0x00000000ebf00000,0x00000000ebf90020,0x00000000ec100000)
  to   space 1024K, 0% used [0x00000000ec180000,0x00000000ec180000,0x00000000ec280000)
 ParOldGen       total 68608K, used 40763K [0x00000000c0000000, 0x00000000c4300000, 0x00000000eab00000)
  object space 68608K, 59% used [0x00000000c0000000,0x00000000c27cef68,0x00000000c4300000)
 Metaspace       used 65601K, committed 66688K, reserved 1114112K
  class space    used 7679K, committed 8128K, reserved 1048576K
}

Dll operation events (15 events):
Event: 0.040 Loaded shared library c:\Users\rajva\.vscode\extensions\redhat.java-1.32.0-win32-x64\jre\17.0.11-win32-x86_64\bin\java.dll
Event: 0.342 Loaded shared library c:\Users\rajva\.vscode\extensions\redhat.java-1.32.0-win32-x64\jre\17.0.11-win32-x86_64\bin\zip.dll
Event: 0.347 Loaded shared library C:\Users\rajva\.vscode\extensions\redhat.java-1.32.0-win32-x64\jre\17.0.11-win32-x86_64\bin\instrument.dll
Event: 0.431 Loaded shared library C:\Users\rajva\.vscode\extensions\redhat.java-1.32.0-win32-x64\jre\17.0.11-win32-x86_64\bin\net.dll
Event: 0.435 Loaded shared library C:\Users\rajva\.vscode\extensions\redhat.java-1.32.0-win32-x64\jre\17.0.11-win32-x86_64\bin\nio.dll
Event: 0.454 Loaded shared library C:\Users\rajva\.vscode\extensions\redhat.java-1.32.0-win32-x64\jre\17.0.11-win32-x86_64\bin\zip.dll
Event: 0.521 Loaded shared library C:\Users\rajva\.vscode\extensions\redhat.java-1.32.0-win32-x64\jre\17.0.11-win32-x86_64\bin\jimage.dll
Event: 0.655 Loaded shared library c:\Users\rajva\.vscode\extensions\redhat.java-1.32.0-win32-x64\jre\17.0.11-win32-x86_64\bin\verify.dll
Event: 3.324 Loaded shared library C:\Users\rajva\AppData\Roaming\Code\User\globalStorage\redhat.java\1.32.0\config_win\org.eclipse.equinox.launcher\org.eclipse.equinox.launcher.win32.win32.x86_64_1.2.1100.v20240613-2013\eclipse_11903.dll
Event: 8.754 Loaded shared library C:\Users\rajva\AppData\Local\Temp\jna-108276742\jna8799910370779888293.dll
Event: 11.287 Loaded shared library C:\Users\rajva\.vscode\extensions\redhat.java-1.32.0-win32-x64\jre\17.0.11-win32-x86_64\bin\sunmscapi.dll
Event: 11.452 Loaded shared library C:\Users\rajva\.vscode\extensions\redhat.java-1.32.0-win32-x64\jre\17.0.11-win32-x86_64\bin\extnet.dll
Event: 13.023 Loaded shared library C:\Users\rajva\.gradle\native\c067742578af261105cb4f569cf0c3c89f3d7b1fecec35dd04571415982c5e48\windows-amd64\native-platform.dll
Event: 14.692 Loaded shared library C:\Users\rajva\.vscode\extensions\redhat.java-1.32.0-win32-x64\jre\17.0.11-win32-x86_64\bin\management.dll
Event: 14.698 Loaded shared library C:\Users\rajva\.vscode\extensions\redhat.java-1.32.0-win32-x64\jre\17.0.11-win32-x86_64\bin\management_ext.dll

Deoptimization events (20 events):
Event: 46.541 Thread 0x0000022a37940240 DEOPT PACKING pc=0x0000022a25b5da64 sp=0x000000e487efd260
Event: 46.541 Thread 0x0000022a37940240 DEOPT UNPACKING pc=0x0000022a25229ea3 sp=0x000000e487efd218 mode 2
Event: 46.547 Thread 0x0000022a37940240 Uncommon trap: trap_request=0xffffffde fr.pc=0x0000022a25b5da64 relative=0x00000000000002c4
Event: 46.547 Thread 0x0000022a37940240 Uncommon trap: reason=class_check action=maybe_recompile pc=0x0000022a25b5da64 method=java.io.DataOutputStream.writeInt(I)V @ 53 c2
Event: 46.547 Thread 0x0000022a37940240 DEOPT PACKING pc=0x0000022a25b5da64 sp=0x000000e487efd260
Event: 46.547 Thread 0x0000022a37940240 DEOPT UNPACKING pc=0x0000022a25229ea3 sp=0x000000e487efd218 mode 2
Event: 46.780 Thread 0x0000022a37940240 Uncommon trap: trap_request=0xffffff45 fr.pc=0x0000022a25b6b860 relative=0x0000000000000140
Event: 46.780 Thread 0x0000022a37940240 Uncommon trap: reason=unstable_if action=reinterpret pc=0x0000022a25b6b860 method=com.esotericsoftware.kryo.io.Input.read([BII)I @ 64 c2
Event: 46.780 Thread 0x0000022a37940240 DEOPT PACKING pc=0x0000022a25b6b860 sp=0x000000e487efcee0
Event: 46.780 Thread 0x0000022a37940240 DEOPT UNPACKING pc=0x0000022a25229ea3 sp=0x000000e487efce18 mode 2
Event: 47.243 Thread 0x0000022a37940240 DEOPT PACKING pc=0x0000022a1e46805e sp=0x000000e487efcdf0
Event: 47.243 Thread 0x0000022a37940240 DEOPT UNPACKING pc=0x0000022a2522a9e3 sp=0x000000e487efc268 mode 0
Event: 47.257 Thread 0x0000022a37940240 Uncommon trap: trap_request=0xffffff45 fr.pc=0x0000022a25b711e8 relative=0x00000000000004a8
Event: 47.257 Thread 0x0000022a37940240 Uncommon trap: reason=unstable_if action=reinterpret pc=0x0000022a25b711e8 method=java.io.ObjectInputStream$PeekInputStream.read([BII)I @ 10 c2
Event: 47.257 Thread 0x0000022a37940240 DEOPT PACKING pc=0x0000022a25b711e8 sp=0x000000e487efc160
Event: 47.257 Thread 0x0000022a37940240 DEOPT UNPACKING pc=0x0000022a25229ea3 sp=0x000000e487efc0c0 mode 2
Event: 52.137 Thread 0x0000022a37940240 Uncommon trap: trap_request=0xfffffff4 fr.pc=0x0000022a25b8fca8 relative=0x0000000000009da8
Event: 52.137 Thread 0x0000022a37940240 Uncommon trap: reason=null_check action=make_not_entrant pc=0x0000022a25b8fca8 method=java.io.ObjectInputStream.readClassDesc(Z)Ljava/io/ObjectStreamClass; @ 56 c2
Event: 52.137 Thread 0x0000022a37940240 DEOPT PACKING pc=0x0000022a25b8fca8 sp=0x000000e487efd7a0
Event: 52.137 Thread 0x0000022a37940240 DEOPT UNPACKING pc=0x0000022a25229ea3 sp=0x000000e487efd830 mode 2

Classes unloaded (7 events):
Event: 6.037 Thread 0x0000022a1b0be900 Unloading class 0x0000000100248400 'java/lang/invoke/LambdaForm$MH+0x0000000100248400'
Event: 6.037 Thread 0x0000022a1b0be900 Unloading class 0x0000000100248000 'java/lang/invoke/LambdaForm$MH+0x0000000100248000'
Event: 6.037 Thread 0x0000022a1b0be900 Unloading class 0x0000000100247c00 'java/lang/invoke/LambdaForm$MH+0x0000000100247c00'
Event: 6.037 Thread 0x0000022a1b0be900 Unloading class 0x0000000100247800 'java/lang/invoke/LambdaForm$MH+0x0000000100247800'
Event: 6.037 Thread 0x0000022a1b0be900 Unloading class 0x0000000100247400 'java/lang/invoke/LambdaForm$BMH+0x0000000100247400'
Event: 6.037 Thread 0x0000022a1b0be900 Unloading class 0x0000000100247000 'java/lang/invoke/LambdaForm$DMH+0x0000000100247000'
Event: 6.037 Thread 0x0000022a1b0be900 Unloading class 0x0000000100244400 'java/lang/invoke/LambdaForm$DMH+0x0000000100244400'

Classes redefined (0 events):
No events

Internal exceptions (20 events):
Event: 12.969 Thread 0x0000022a379434e0 Exception <a 'java/lang/NoSuchMethodError'{0x00000000ec0697e0}: 'java.lang.Object java.lang.invoke.Invokers$Holder.invoker(java.lang.Object, java.lang.Object, java.lang.Object)'> (0x00000000ec0697e0) 
thrown [s\src\hotspot\share\interpreter\linkResolver.cpp, line 759]
Event: 14.646 Thread 0x0000022a379434e0 Exception <a 'java/lang/NoClassDefFoundError'{0x00000000eb76e378}: org/slf4j/impl/StaticMarkerBinder> (0x00000000eb76e378) 
thrown [s\src\hotspot\share\classfile\systemDictionary.cpp, line 245]
Event: 15.344 Thread 0x0000022a3793f820 Exception <a 'java/lang/NoSuchMethodError'{0x00000000eb298c78}: 'void java.lang.invoke.DirectMethodHandle$Holder.invokeStatic(java.lang.Object, long)'> (0x00000000eb298c78) 
thrown [s\src\hotspot\share\interpreter\linkResolver.cpp, line 759]
Event: 15.346 Thread 0x0000022a3793f820 Exception <a 'java/lang/NoSuchMethodError'{0x00000000eb29e2c8}: 'java.lang.Object java.lang.invoke.DirectMethodHandle$Holder.newInvokeSpecial(java.lang.Object, long)'> (0x00000000eb29e2c8) 
thrown [s\src\hotspot\share\interpreter\linkResolver.cpp, line 759]
Event: 15.539 Thread 0x0000022a3793f820 Exception <a 'java/lang/NoSuchMethodError'{0x00000000eb2c3970}: 'void java.lang.invoke.DirectMethodHandle$Holder.invokeSpecial(java.lang.Object, java.lang.Object, int)'> (0x00000000eb2c3970) 
thrown [s\src\hotspot\share\interpreter\linkResolver.cpp, line 759]
Event: 15.541 Thread 0x0000022a3793f820 Exception <a 'java/lang/NoSuchMethodError'{0x00000000eb2c9750}: 'java.lang.Object java.lang.invoke.DirectMethodHandle$Holder.newInvokeSpecial(java.lang.Object, java.lang.Object, int)'> (0x00000000eb2c9750) 
thrown [s\src\hotspot\share\interpreter\linkResolver.cpp, line 759]
Event: 15.635 Thread 0x0000022a3611f870 Exception <a 'java/lang/NoSuchMethodError'{0x00000000eb675188}: 'java.lang.Object java.lang.invoke.DirectMethodHandle$Holder.newInvokeSpecial(java.lang.Object, java.lang.Object, java.lang.Object, int)'> (0x00000000eb675188) 
thrown [s\src\hotspot\share\interpreter\linkResolver.cpp, line 759]
Event: 15.636 Thread 0x0000022a3611f870 Exception <a 'java/lang/NoSuchMethodError'{0x00000000eb678fe8}: 'java.lang.Object java.lang.invoke.DirectMethodHandle$Holder.invokeSpecial(java.lang.Object, java.lang.Object, java.lang.Object, java.lang.Object, int)'> (0x00000000eb678fe8) 
thrown [s\src\hotspot\share\interpreter\linkResolver.cpp, line 759]
Event: 15.637 Thread 0x0000022a3611f870 Exception <a 'java/lang/NoSuchMethodError'{0x00000000eb67c448}: 'java.lang.Object java.lang.invoke.Invokers$Holder.linkToTargetMethod(java.lang.Object, java.lang.Object, int, java.lang.Object)'> (0x00000000eb67c448) 
thrown [s\src\hotspot\share\interpreter\linkResolver.cpp, line 759]
Event: 21.261 Thread 0x0000022a37940240 Exception <a 'java/lang/NoSuchMethodError'{0x00000000eb7e44d0}: static Lorg/gradle/internal/build/event/types/AbstractProgressEvent;.<clinit>()V> (0x00000000eb7e44d0) 
thrown [s\src\hotspot\share\prims\jni.cpp, line 1112]
Event: 21.264 Thread 0x0000022a37940240 Exception <a 'java/lang/NoSuchMethodError'{0x00000000eb7f87c8}: static Lorg/gradle/internal/build/event/types/DefaultOperationStartedProgressEvent;.<clinit>()V> (0x00000000eb7f87c8) 
thrown [s\src\hotspot\share\prims\jni.cpp, line 1112]
Event: 21.267 Thread 0x0000022a37940240 Exception <a 'java/lang/NoSuchMethodError'{0x00000000eb80ef90}: static Lorg/gradle/internal/build/event/types/DefaultOperationDescriptor;.<clinit>()V> (0x00000000eb80ef90) 
thrown [s\src\hotspot\share\prims\jni.cpp, line 1112]
Event: 21.268 Thread 0x0000022a37940240 Exception <a 'java/lang/NoSuchMethodError'{0x00000000eb81d528}: static Lorg/gradle/internal/operations/OperationIdentifier;.<clinit>()V> (0x00000000eb81d528) 
thrown [s\src\hotspot\share\prims\jni.cpp, line 1112]
Event: 22.741 Thread 0x0000022a37940240 Exception <a 'java/lang/NoSuchMethodError'{0x00000000eab7b858}: static Lorg/gradle/internal/build/event/types/DefaultOperationFinishedProgressEvent;.<clinit>()V> (0x00000000eab7b858) 
thrown [s\src\hotspot\share\prims\jni.cpp, line 1112]
Event: 22.745 Thread 0x0000022a37940240 Exception <a 'java/lang/NoSuchMethodError'{0x00000000eab97bc0}: static Lorg/gradle/internal/build/event/types/AbstractResult;.<clinit>()V> (0x00000000eab97bc0) 
thrown [s\src\hotspot\share\prims\jni.cpp, line 1112]
Event: 22.747 Thread 0x0000022a37940240 Exception <a 'java/lang/NoSuchMethodError'{0x00000000eaba53f0}: static Lorg/gradle/internal/build/event/types/AbstractOperationResult;.<clinit>()V> (0x00000000eaba53f0) 
thrown [s\src\hotspot\share\prims\jni.cpp, line 1112]
Event: 22.748 Thread 0x0000022a37940240 Exception <a 'java/lang/NoSuchMethodError'{0x00000000eabb3060}: static Lorg/gradle/internal/build/event/types/DefaultSuccessResult;.<clinit>()V> (0x00000000eabb3060) 
thrown [s\src\hotspot\share\prims\jni.cpp, line 1112]
Event: 46.541 Thread 0x0000022a37940240 Exception <a 'java/lang/NoSuchMethodError'{0x00000000eb0db848}: static Lorg/gradle/internal/build/event/types/DefaultBuildPhaseDescriptor;.<clinit>()V> (0x00000000eb0db848) 
thrown [s\src\hotspot\share\prims\jni.cpp, line 1112]
Event: 47.243 Thread 0x0000022a37940240 Exception <a 'java/lang/NoSuchMethodError'{0x00000000eb1cefa8}: static Lorg/gradle/internal/build/event/types/DefaultProjectConfigurationDescriptor;.<clinit>()V> (0x00000000eb1cefa8) 
thrown [s\src\hotspot\share\prims\jni.cpp, line 1112]
Event: 52.137 Thread 0x0000022a37940240 Implicit null exception at 0x0000022a25b86098 to 0x0000022a25b8fc98

VM Operations (20 events):
Event: 39.433 Executing VM operation: Cleanup
Event: 39.433 Executing VM operation: Cleanup done
Event: 40.441 Executing VM operation: Cleanup
Event: 40.441 Executing VM operation: Cleanup done
Event: 41.442 Executing VM operation: Cleanup
Event: 41.442 Executing VM operation: Cleanup done
Event: 43.443 Executing VM operation: Cleanup
Event: 43.443 Executing VM operation: Cleanup done
Event: 44.444 Executing VM operation: Cleanup
Event: 44.444 Executing VM operation: Cleanup done
Event: 47.445 Executing VM operation: Cleanup
Event: 47.445 Executing VM operation: Cleanup done
Event: 48.446 Executing VM operation: Cleanup
Event: 48.446 Executing VM operation: Cleanup done
Event: 50.446 Executing VM operation: Cleanup
Event: 50.446 Executing VM operation: Cleanup done
Event: 51.447 Executing VM operation: Cleanup
Event: 51.447 Executing VM operation: Cleanup done
Event: 52.450 Executing VM operation: Cleanup
Event: 52.450 Executing VM operation: Cleanup done

Events (20 events):
Event: 33.090 loading class sun/util/cldr/CLDRTimeZoneNameProviderImpl
Event: 33.092 loading class sun/util/locale/provider/TimeZoneNameProviderImpl
Event: 33.094 loading class sun/util/locale/provider/TimeZoneNameProviderImpl done
Event: 33.094 loading class sun/util/cldr/CLDRTimeZoneNameProviderImpl done
Event: 33.103 loading class sun/util/resources/cldr/TimeZoneNames
Event: 33.104 loading class sun/util/resources/TimeZoneNamesBundle
Event: 33.105 loading class sun/util/resources/OpenListResourceBundle
Event: 33.106 loading class sun/util/resources/OpenListResourceBundle done
Event: 33.106 loading class sun/util/resources/TimeZoneNamesBundle done
Event: 33.106 loading class sun/util/resources/cldr/TimeZoneNames done
Event: 33.107 loading class sun/util/resources/cldr/TimeZoneNames_en
Event: 33.114 loading class sun/util/resources/cldr/TimeZoneNames_en done
Event: 33.114 loading class sun/util/resources/cldr/TimeZoneNames_en_US
Event: 33.115 loading class sun/util/resources/cldr/TimeZoneNames_en_US done
Event: 33.181 loading class sun/util/cldr/CLDRBaseLocaleDataMetaInfo$TZCanonicalIDMapHolder
Event: 33.185 loading class sun/util/cldr/CLDRBaseLocaleDataMetaInfo$TZCanonicalIDMapHolder done
Event: 33.236 loading class sun/util/resources/TimeZoneNames
Event: 33.239 loading class sun/util/resources/TimeZoneNames done
Event: 33.239 loading class sun/util/resources/TimeZoneNames_en
Event: 33.239 loading class sun/util/resources/TimeZoneNames_en done


Dynamic libraries:
0x00007ff760cf0000 - 0x00007ff760cfe000 	c:\Users\rajva\.vscode\extensions\redhat.java-1.32.0-win32-x64\jre\17.0.11-win32-x86_64\bin\java.exe
0x00007ffec07b0000 - 0x00007ffec09c7000 	C:\WINDOWS\SYSTEM32\ntdll.dll
0x00007ffebfbe0000 - 0x00007ffebfca4000 	C:\WINDOWS\System32\KERNEL32.DLL
0x00007ffebdc70000 - 0x00007ffebe01c000 	C:\WINDOWS\System32\KERNELBASE.dll
0x00007ffebe1c0000 - 0x00007ffebe2d1000 	C:\WINDOWS\System32\ucrtbase.dll
0x00007ffead350000 - 0x00007ffead367000 	c:\Users\rajva\.vscode\extensions\redhat.java-1.32.0-win32-x64\jre\17.0.11-win32-x86_64\bin\jli.dll
0x00007ffea3b00000 - 0x00007ffea3b1b000 	c:\Users\rajva\.vscode\extensions\redhat.java-1.32.0-win32-x64\jre\17.0.11-win32-x86_64\bin\VCRUNTIME140.dll
0x00007ffebe660000 - 0x00007ffebe80e000 	C:\WINDOWS\System32\USER32.dll
0x00007ffe985f0000 - 0x00007ffe98883000 	C:\WINDOWS\WinSxS\amd64_microsoft.windows.common-controls_6595b64144ccf1df_6.0.22621.3672_none_2713b9d173822955\COMCTL32.dll
0x00007ffebe190000 - 0x00007ffebe1b6000 	C:\WINDOWS\System32\win32u.dll
0x00007ffebfe80000 - 0x00007ffebff27000 	C:\WINDOWS\System32\msvcrt.dll
0x00007ffec0740000 - 0x00007ffec0769000 	C:\WINDOWS\System32\GDI32.dll
0x00007ffebe3a0000 - 0x00007ffebe4b9000 	C:\WINDOWS\System32\gdi32full.dll
0x00007ffebdbd0000 - 0x00007ffebdc6a000 	C:\WINDOWS\System32\msvcp_win.dll
0x00007ffec03b0000 - 0x00007ffec03e1000 	C:\WINDOWS\System32\IMM32.DLL
0x00007ffeb9bb0000 - 0x00007ffeb9bbc000 	c:\Users\rajva\.vscode\extensions\redhat.java-1.32.0-win32-x64\jre\17.0.11-win32-x86_64\bin\vcruntime140_1.dll
0x00007ffe902e0000 - 0x00007ffe9036d000 	c:\Users\rajva\.vscode\extensions\redhat.java-1.32.0-win32-x64\jre\17.0.11-win32-x86_64\bin\msvcp140.dll
0x00007ffe2d070000 - 0x00007ffe2dcd2000 	c:\Users\rajva\.vscode\extensions\redhat.java-1.32.0-win32-x64\jre\17.0.11-win32-x86_64\bin\server\jvm.dll
0x00007ffebe5a0000 - 0x00007ffebe652000 	C:\WINDOWS\System32\ADVAPI32.dll
0x00007ffebe970000 - 0x00007ffebea1a000 	C:\WINDOWS\System32\sechost.dll
0x00007ffebe4c0000 - 0x00007ffebe4e8000 	C:\WINDOWS\System32\bcrypt.dll
0x00007ffec0570000 - 0x00007ffec0685000 	C:\WINDOWS\System32\RPCRT4.dll
0x00007ffeb8e80000 - 0x00007ffeb8eb4000 	C:\WINDOWS\SYSTEM32\WINMM.dll
0x00007ffe90ae0000 - 0x00007ffe90ae9000 	C:\WINDOWS\SYSTEM32\WSOCK32.dll
0x00007ffebd9a0000 - 0x00007ffebd9ed000 	C:\WINDOWS\SYSTEM32\POWRPROF.dll
0x00007ffeb9320000 - 0x00007ffeb932a000 	C:\WINDOWS\SYSTEM32\VERSION.dll
0x00007ffebeb80000 - 0x00007ffebebf1000 	C:\WINDOWS\System32\WS2_32.dll
0x00007ffebd980000 - 0x00007ffebd993000 	C:\WINDOWS\SYSTEM32\UMPDC.dll
0x00007ffebcad0000 - 0x00007ffebcae8000 	C:\WINDOWS\SYSTEM32\kernel.appcore.dll
0x00007ffeb44d0000 - 0x00007ffeb44da000 	c:\Users\rajva\.vscode\extensions\redhat.java-1.32.0-win32-x64\jre\17.0.11-win32-x86_64\bin\jimage.dll
0x00007ffebb070000 - 0x00007ffebb2a2000 	C:\WINDOWS\SYSTEM32\DBGHELP.DLL
0x00007ffebec60000 - 0x00007ffebefe8000 	C:\WINDOWS\System32\combase.dll
0x00007ffebeaa0000 - 0x00007ffebeb77000 	C:\WINDOWS\System32\OLEAUT32.dll
0x00007ffe97e00000 - 0x00007ffe97e32000 	C:\WINDOWS\SYSTEM32\dbgcore.DLL
0x00007ffebdae0000 - 0x00007ffebdb5b000 	C:\WINDOWS\System32\bcryptPrimitives.dll
0x00007ffeae720000 - 0x00007ffeae72e000 	c:\Users\rajva\.vscode\extensions\redhat.java-1.32.0-win32-x64\jre\17.0.11-win32-x86_64\bin\instrument.dll
0x00007ffeb3e70000 - 0x00007ffeb3e95000 	c:\Users\rajva\.vscode\extensions\redhat.java-1.32.0-win32-x64\jre\17.0.11-win32-x86_64\bin\java.dll
0x00007ffeb3de0000 - 0x00007ffeb3df8000 	c:\Users\rajva\.vscode\extensions\redhat.java-1.32.0-win32-x64\jre\17.0.11-win32-x86_64\bin\zip.dll
0x00007ffebf010000 - 0x00007ffebf86c000 	C:\WINDOWS\System32\SHELL32.dll
0x00007ffebb9e0000 - 0x00007ffebc2d7000 	C:\WINDOWS\SYSTEM32\windows.storage.dll
0x00007ffebb8a0000 - 0x00007ffebb9df000 	C:\WINDOWS\SYSTEM32\wintypes.dll
0x00007ffebfa20000 - 0x00007ffebfb14000 	C:\WINDOWS\System32\SHCORE.dll
0x00007ffec04f0000 - 0x00007ffec054e000 	C:\WINDOWS\System32\shlwapi.dll
0x00007ffebda10000 - 0x00007ffebda31000 	C:\WINDOWS\SYSTEM32\profapi.dll
0x00007ffea3a00000 - 0x00007ffea3a19000 	C:\Users\rajva\.vscode\extensions\redhat.java-1.32.0-win32-x64\jre\17.0.11-win32-x86_64\bin\net.dll
0x00007ffeba470000 - 0x00007ffeba5a6000 	C:\WINDOWS\SYSTEM32\WINHTTP.dll
0x00007ffebcf40000 - 0x00007ffebcfa9000 	C:\WINDOWS\system32\mswsock.dll
0x00007ffea39a0000 - 0x00007ffea39b6000 	C:\Users\rajva\.vscode\extensions\redhat.java-1.32.0-win32-x64\jre\17.0.11-win32-x86_64\bin\nio.dll
0x00007ffeae2c0000 - 0x00007ffeae2d0000 	c:\Users\rajva\.vscode\extensions\redhat.java-1.32.0-win32-x64\jre\17.0.11-win32-x86_64\bin\verify.dll
0x00007ffe90650000 - 0x00007ffe90694000 	C:\Users\rajva\AppData\Roaming\Code\User\globalStorage\redhat.java\1.32.0\config_win\org.eclipse.equinox.launcher\org.eclipse.equinox.launcher.win32.win32.x86_64_1.2.1100.v20240613-2013\eclipse_11903.dll
0x00007ffebf870000 - 0x00007ffebfa15000 	C:\WINDOWS\System32\ole32.dll
0x00007ffebd1c0000 - 0x00007ffebd1db000 	C:\WINDOWS\SYSTEM32\CRYPTSP.dll
0x00007ffebca30000 - 0x00007ffebca65000 	C:\WINDOWS\system32\rsaenh.dll
0x00007ffebd020000 - 0x00007ffebd048000 	C:\WINDOWS\SYSTEM32\USERENV.dll
0x00007ffebd1e0000 - 0x00007ffebd1ec000 	C:\WINDOWS\SYSTEM32\CRYPTBASE.dll
0x00007ffebc530000 - 0x00007ffebc55d000 	C:\WINDOWS\SYSTEM32\IPHLPAPI.DLL
0x00007ffebfe70000 - 0x00007ffebfe79000 	C:\WINDOWS\System32\NSI.dll
0x00007ffeb9f80000 - 0x00007ffeb9f99000 	C:\WINDOWS\SYSTEM32\dhcpcsvc6.DLL
0x00007ffeb9e70000 - 0x00007ffeb9e8f000 	C:\WINDOWS\SYSTEM32\dhcpcsvc.DLL
0x00007ffebc560000 - 0x00007ffebc658000 	C:\WINDOWS\SYSTEM32\DNSAPI.dll
0x00007ffe903c0000 - 0x00007ffe90405000 	C:\Users\rajva\AppData\Local\Temp\jna-108276742\jna8799910370779888293.dll
0x00007ffec0690000 - 0x00007ffec0698000 	C:\WINDOWS\System32\PSAPI.DLL
0x00007ffeadd80000 - 0x00007ffeadd8e000 	C:\Users\rajva\.vscode\extensions\redhat.java-1.32.0-win32-x64\jre\17.0.11-win32-x86_64\bin\sunmscapi.dll
0x00007ffebe020000 - 0x00007ffebe187000 	C:\WINDOWS\System32\CRYPT32.dll
0x00007ffebd3a0000 - 0x00007ffebd3ce000 	C:\WINDOWS\SYSTEM32\ncrypt.dll
0x00007ffebd360000 - 0x00007ffebd397000 	C:\WINDOWS\SYSTEM32\NTASN1.dll
0x00007ffeb9310000 - 0x00007ffeb931a000 	C:\Windows\System32\rasadhlp.dll
0x00007ffeb90d0000 - 0x00007ffeb9153000 	C:\WINDOWS\System32\fwpuclnt.dll
0x00007ffeadc70000 - 0x00007ffeadc79000 	C:\Users\rajva\.vscode\extensions\redhat.java-1.32.0-win32-x64\jre\17.0.11-win32-x86_64\bin\extnet.dll
0x00007ffe98a50000 - 0x00007ffe98a77000 	C:\Users\rajva\.gradle\native\c067742578af261105cb4f569cf0c3c89f3d7b1fecec35dd04571415982c5e48\windows-amd64\native-platform.dll
0x00007ffeadc40000 - 0x00007ffeadc49000 	C:\Users\rajva\.vscode\extensions\redhat.java-1.32.0-win32-x64\jre\17.0.11-win32-x86_64\bin\management.dll
0x00007ffeacdd0000 - 0x00007ffeacddb000 	C:\Users\rajva\.vscode\extensions\redhat.java-1.32.0-win32-x64\jre\17.0.11-win32-x86_64\bin\management_ext.dll
0x00007ffe9c490000 - 0x00007ffe9c498000 	C:\WINDOWS\system32\wshunix.dll

dbghelp: loaded successfully - version: 4.0.5 - missing functions: none
symbol engine: initialized successfully - sym options: 0x614 - pdb path: .;c:\Users\rajva\.vscode\extensions\redhat.java-1.32.0-win32-x64\jre\17.0.11-win32-x86_64\bin;C:\WINDOWS\SYSTEM32;C:\WINDOWS\WinSxS\amd64_microsoft.windows.common-controls_6595b64144ccf1df_6.0.22621.3672_none_2713b9d173822955;c:\Users\rajva\.vscode\extensions\redhat.java-1.32.0-win32-x64\jre\17.0.11-win32-x86_64\bin\server;C:\Users\rajva\AppData\Roaming\Code\User\globalStorage\redhat.java\1.32.0\config_win\org.eclipse.equinox.launcher\org.eclipse.equinox.launcher.win32.win32.x86_64_1.2.1100.v20240613-2013;C:\Users\rajva\AppData\Local\Temp\jna-108276742;C:\Users\rajva\.gradle\native\c067742578af261105cb4f569cf0c3c89f3d7b1fecec35dd04571415982c5e48\windows-amd64

VM Arguments:
jvm_args: --add-modules=ALL-SYSTEM --add-opens=java.base/java.util=ALL-UNNAMED --add-opens=java.base/java.lang=ALL-UNNAMED --add-opens=java.base/sun.nio.fs=ALL-UNNAMED -Declipse.application=org.eclipse.jdt.ls.core.id1 -Dosgi.bundles.defaultStartLevel=4 -Declipse.product=org.eclipse.jdt.ls.core.product -Djava.import.generatesMetadataFilesAtProjectRoot=false -DDetectVMInstallationsJob.disabled=true -Dfile.encoding=utf8 -XX:+UseParallelGC -XX:GCTimeRatio=4 -XX:AdaptiveSizePolicyWeight=90 -Dsun.zip.disableMemoryMapping=true -Xmx1G -Xms100m -Xlog:disable -javaagent:c:\Users\rajva\.vscode\extensions\redhat.java-1.32.0-win32-x64\lombok\lombok-1.18.33.jar -XX:+HeapDumpOnOutOfMemoryError -XX:HeapDumpPath=c:\Users\rajva\AppData\Roaming\Code\User\workspaceStorage\05bf3e9176fdc677a123507320faea01\redhat.java -Daether.dependencyCollector.impl=bf 
java_command: c:\Users\rajva\.vscode\extensions\redhat.java-1.32.0-win32-x64\server\plugins\org.eclipse.equinox.launcher_1.6.900.v20240613-2009.jar -configuration c:\Users\rajva\AppData\Roaming\Code\User\globalStorage\redhat.java\1.32.0\config_win -data c:\Users\rajva\AppData\Roaming\Code\User\workspaceStorage\05bf3e9176fdc677a123507320faea01\redhat.java\jdt_ws --pipe=\\.\pipe\lsp-bafd749e6bd06e318ababfc29c9c575f-sock
java_class_path (initial): c:\Users\rajva\.vscode\extensions\redhat.java-1.32.0-win32-x64\server\plugins\org.eclipse.equinox.launcher_1.6.900.v20240613-2009.jar
Launcher Type: SUN_STANDARD

[Global flags]
    uintx AdaptiveSizePolicyWeight                 = 90                                        {product} {command line}
     intx CICompilerCount                          = 4                                         {product} {ergonomic}
    uintx GCTimeRatio                              = 4                                         {product} {command line}
     bool HeapDumpOnOutOfMemoryError               = true                                   {manageable} {command line}
    ccstr HeapDumpPath                             = c:\Users\rajva\AppData\Roaming\Code\User\workspaceStorage\05bf3e9176fdc677a123507320faea01\redhat.java         {manageable} {command line}
   size_t InitialHeapSize                          = 104857600                                 {product} {command line}
   size_t MaxHeapSize                              = 1073741824                                {product} {command line}
   size_t MaxNewSize                               = 357564416                                 {product} {ergonomic}
   size_t MinHeapDeltaBytes                        = 524288                                    {product} {ergonomic}
   size_t MinHeapSize                              = 104857600                                 {product} {command line}
   size_t NewSize                                  = 34603008                                  {product} {ergonomic}
    uintx NonNMethodCodeHeapSize                   = 5839372                                {pd product} {ergonomic}
    uintx NonProfiledCodeHeapSize                  = 122909434                              {pd product} {ergonomic}
   size_t OldSize                                  = 70254592                                  {product} {ergonomic}
    uintx ProfiledCodeHeapSize                     = 122909434                              {pd product} {ergonomic}
    uintx ReservedCodeCacheSize                    = 251658240                              {pd product} {ergonomic}
     bool SegmentedCodeCache                       = true                                      {product} {ergonomic}
   size_t SoftMaxHeapSize                          = 1073741824                             {manageable} {ergonomic}
     bool UseCompressedClassPointers               = true                           {product lp64_product} {ergonomic}
     bool UseCompressedOops                        = true                           {product lp64_product} {ergonomic}
     bool UseLargePagesIndividualAllocation        = false                                  {pd product} {ergonomic}
     bool UseParallelGC                            = true                                      {product} {command line}

Logging:
Log output configuration:
 #0: stdout all=off uptime,level,tags
 #1: stderr all=off uptime,level,tags

Environment Variables:
PATH=C:\Users\rajva\AppData\Local\Android\Sdk;C:\Users\rajva\AppData\Local\Android\Sdk\platform-tools;C:\Users\rajva\AppData\Local\Programs\Python\Python310\Scripts;C:\Program Files\Java\jdk-18.0.1.1\bin;C:\Program Files\Java\jdk1.8.0_341\bin;C:\msys64\ucrt64\bin;C:\Program Files\Common Files\Oracle\Java\javapath;C:\Program Files (x86)\Common Files\Oracle\Java\javapath;C:\WINDOWS\system32;C:\WINDOWS;C:\WINDOWS\System32\Wbem;C:\WINDOWS\System32\WindowsPowerShell\v1.0\;C:\WINDOWS\System32\OpenSSH\;C:\Program Files\Git\cmd;C:\Users\rajva\AppData\Roaming\nvm;C:\Program Files\nodejs;C:\Program Files\PostgreSQL\15\bin;C:\Users\rajva\Downloads\apache-maven-3.8.7-bin\apache-maven-3.8.7\bin;C:\Program Files\Apache Software Foundation\Tomcat 10.0\bin\bin;C:\ProgramData\chocolatey\bin;C:\Program Files\MySQL\MySQL Server 8.0\bin;C:\Program Files (x86)\Windows Kits\10\Windows Performance Toolkit\;C:\ngrok;C:\Program Files\HP\HP One Agent;C:\Users\rajva\AppData\Local\Programs\Python\Launcher\;C:\Users\rajva\AppData\Local\Programs\Python\Python310\Scripts\;C:\Users\rajva\AppData\Local\Programs\Python\Python310\;C:\Users\rajva\AppData\Local\Programs\Python\Python310\Scripts;C:\Program Files\Java\jdk-18.0.1.1\bin;C:\Program Files\Java\jdk1.8.0_341\bin;C:\Program Files\MySQL\MySQL Shell 8.0\bin\;C:\msys64\ucrt64\bin;C:\Program Files\PostgreSQL\15\bin;C:\Users\rajva\AppData\Local\Microsoft\WindowsApps;C:\Users\rajva\AppData\Local\GitHubDesktop\bin;C:\Users\rajva\AppData\Roaming\nvm;C:\Program Files\nodejs;C:\Users\rajva\AppData\Local\Programs\Microsoft VS Code\bin;C:\Users\rajva\AppData\Roaming\npm;C:\Users\rajva\AppData\Local\Android\Sdk;C:\Users\rajva\AppData\Local\Android\Sdk\platform-tools;C:\Users\rajva\AppData\Local\Android\Sdk\emulator;C:\Users\rajva\AppData\Local\Android\Sdk\tools;C:\Users\rajva\AppData\Local\Android\Sdk\tools\bin;
USERNAME=rajva
OS=Windows_NT
PROCESSOR_IDENTIFIER=Intel64 Family 6 Model 140 Stepping 2, GenuineIntel
TMP=C:\Users\rajva\AppData\Local\Temp
TEMP=C:\Users\rajva\AppData\Local\Temp



Periodic native trim disabled


---------------  S Y S T E M  ---------------

OS:
 Windows 11 , 64 bit Build 22621 (10.0.22621.3672)
OS uptime: 7 days 14:26 hours
Hyper-V role detected

CPU: total 8 (initial active 8) (4 cores per cpu, 2 threads per core) family 6 model 140 stepping 2 microcode 0x34, cx8, cmov, fxsr, ht, mmx, 3dnowpref, sse, sse2, sse3, ssse3, sse4.1, sse4.2, popcnt, lzcnt, tsc, tscinvbit, avx, avx2, aes, erms, clmul, bmi1, bmi2, adx, avx512f, avx512dq, avx512cd, avx512bw, avx512vl, sha, fma, vzeroupper, avx512_vpopcntdq, avx512_vpclmulqdq, avx512_vaes, avx512_vnni, clflush, clflushopt, clwb, avx512_vbmi2, avx512_vbmi, hv
Processor Information for all 8 processors :
  Max Mhz: 2496, Current Mhz: 2496, Mhz Limit: 2496

Memory: 4k page, system-wide physical 7834M (80M free)
TotalPageFile size 31386M (AvailPageFile size 2M)
current process WorkingSet (physical memory assigned to process): 100M, peak: 247M
current process commit charge ("private bytes"): 324M, peak: 326M

vm_info: OpenJDK 64-Bit Server VM (17.0.11+9) for windows-amd64 JRE (17.0.11+9), built on Apr 17 2024 06:07:48 by "admin" with MS VC++ 16.10 / 16.11 (VS2019)

END.
