#
# There is insufficient memory for the Java Runtime Environment to continue.
# Native memory allocation (mmap) failed to map 130023424 bytes for G1 virtual space
# Possible reasons:
#   The system is out of physical RAM or swap space
#   The process is running with CompressedOops enabled, and the Java Heap may be blocking the growth of the native heap
# Possible solutions:
#   Reduce memory load on the system
#   Increase physical memory or swap space
#   Check if swap backing store is full
#   Decrease Java heap size (-Xmx/-Xms)
#   Decrease number of Java threads
#   Decrease Java thread stack sizes (-Xss)
#   Set larger code cache with -XX:ReservedCodeCacheSize=
#   JVM is running with Unscaled Compressed Oops mode in which the Java heap is
#     placed in the first 4GB address space. The Java Heap base address is the
#     maximum limit for the native heap growth. Please use -XX:HeapBaseMinAddress
#     to set the Java Heap base and to place the Java Heap above 4GB virtual address.
# This output file may be truncated or incomplete.
#
#  Out of Memory Error (os_windows.cpp:3530), pid=15008, tid=21064
#
# JRE version:  (18.0.1.1+2) (build )
# Java VM: Java HotSpot(TM) 64-Bit Server VM (18.0.1.1+2-6, mixed mode, sharing, tiered, compressed oops, compressed class ptrs, g1 gc, windows-amd64)
# No core dump will be written. Minidumps are not enabled by default on client versions of Windows
#

---------------  S U M M A R Y ------------

Command Line: org.jetbrains.kotlin.cli.jvm.K2JVMCompiler @D:\TimeMangement\node_modules\lottie-react-native\android\build\20240625_4074023116972758175.compiler.options

Host: 11th Gen Intel(R) Core(TM) i5-1155G7 @ 2.50GHz, 8 cores, 7G,  Windows 11 , 64 bit Build 22621 (10.0.22621.3672)
Time: Tue Jun 25 10:41:42 2024 India Standard Time elapsed time: 0.017268 seconds (0d 0h 0m 0s)

---------------  T H R E A D  ---------------

Current thread (0x00000233851615a0):  JavaThread "Unknown thread" [_thread_in_vm, id=21064, stack(0x000000e89cc00000,0x000000e89cd00000)]

Stack: [0x000000e89cc00000,0x000000e89cd00000]
Native frames: (J=compiled Java code, j=interpreted, Vv=VM code, C=native code)
V  [jvm.dll+0x69887a]
V  [jvm.dll+0x7f38bd]
V  [jvm.dll+0x7f51ce]
V  [jvm.dll+0x7f5883]
V  [jvm.dll+0x25ca3f]
V  [jvm.dll+0x6957c9]
V  [jvm.dll+0x68a2fa]
V  [jvm.dll+0x321efb]
V  [jvm.dll+0x3298d6]
V  [jvm.dll+0x37e47e]
V  [jvm.dll+0x37e6af]
V  [jvm.dll+0x2f9c7a]
V  [jvm.dll+0x2facdd]
V  [jvm.dll+0x7c24f0]
V  [jvm.dll+0x38b801]
V  [jvm.dll+0x7a1203]
V  [jvm.dll+0x40d6bf]
V  [jvm.dll+0x40f091]
C  [jli.dll+0x526b]
C  [ucrtbase.dll+0x29333]
C  [KERNEL32.DLL+0x1257d]
C  [ntdll.dll+0x5af28]


---------------  P R O C E S S  ---------------

Threads class SMR info:
_java_thread_list=0x00007ffe5cf4d550, length=0, elements={
}

Java Threads: ( => current thread )

Other Threads:
  0x00000233851be2c0 WorkerThread "GC Thread#0" [stack: 0x000000e89cd00000,0x000000e89ce00000] [id=23684]
  0x00000233851ce6f0 ConcurrentGCThread "G1 Main Marker" [stack: 0x000000e89ce00000,0x000000e89cf00000] [id=11556]
  0x00000233851cf0e0 WorkerThread "G1 Conc#0" [stack: 0x000000e89cf00000,0x000000e89d000000] [id=25272]

[error occurred during error reporting (printing all threads), id 0xc0000005, EXCEPTION_ACCESS_VIOLATION (0xc0000005) at pc=0x00007ffe5c77a217]

VM state: not at safepoint (not fully initialized)

VM Mutex/Monitor currently owned by a thread:  ([mutex/lock_event])
[0x000002338515a4b0] Heap_lock - owner thread: 0x00000233851615a0

Heap address: 0x0000000085800000, size: 1960 MB, Compressed Oops mode: 32-bit

CDS archive(s) mapped at: [0x0000000000000000-0x0000000000000000-0x0000000000000000), size 0, SharedBaseAddress: 0x0000000800000000, ArchiveRelocationMode: 0.
Narrow klass base: 0x0000000000000000, Narrow klass shift: 0, Narrow klass range: 0x0

GC Precious Log:
 CardTable entry size: 512
 Card Set container configuration: InlinePtr #cards 5 size 8 Array Of Cards #cards 12 size 40 Howl #buckets 4 coarsen threshold 1843 Howl Bitmap #cards 512 size 80 coarsen threshold 460 Card regions per heap region 1 cards per card region 2048

Heap:
 garbage-first heap   total 0K, used 0K [0x0000000085800000, 0x0000000100000000)
  region size 1024K, 0 young (0K), 0 survivors (0K)

[error occurred during error reporting (printing heap information), id 0xc0000005, EXCEPTION_ACCESS_VIOLATION (0xc0000005) at pc=0x00007ffe5cb60cb9]

GC Heap History (0 events):
No events

Deoptimization events (0 events):
No events

Classes loaded (0 events):
No events

Classes unloaded (0 events):
No events

Classes redefined (0 events):
No events

Internal exceptions (0 events):
No events

VM Operations (0 events):
No events

Events (1 events):
Event: 0.010 Loaded shared library C:\Program Files\Java\jdk-18.0.1.1\bin\java.dll


Dynamic libraries:
0x00007ff6d3700000 - 0x00007ff6d3710000 	C:\Program Files\Java\jdk-18.0.1.1\bin\java.exe
0x00007ffee09d0000 - 0x00007ffee0be7000 	C:\WINDOWS\SYSTEM32\ntdll.dll
0x00007ffedef80000 - 0x00007ffedf044000 	C:\WINDOWS\System32\KERNEL32.DLL
0x00007ffede1a0000 - 0x00007ffede54c000 	C:\WINDOWS\System32\KERNELBASE.dll
0x00007ffedde50000 - 0x00007ffeddf61000 	C:\WINDOWS\System32\ucrtbase.dll
0x00007ffed8fc0000 - 0x00007ffed8fd8000 	C:\Program Files\Java\jdk-18.0.1.1\bin\jli.dll
0x00007ffedc7c0000 - 0x00007ffedc7da000 	C:\Program Files\Java\jdk-18.0.1.1\bin\VCRUNTIME140.dll
0x00007ffedf380000 - 0x00007ffedf432000 	C:\WINDOWS\System32\ADVAPI32.dll
0x00007ffedf080000 - 0x00007ffedf127000 	C:\WINDOWS\System32\msvcrt.dll
0x00007ffedfca0000 - 0x00007ffedfd4a000 	C:\WINDOWS\System32\sechost.dll
0x00007ffede5c0000 - 0x00007ffede5e8000 	C:\WINDOWS\System32\bcrypt.dll
0x00007ffedea50000 - 0x00007ffedeb65000 	C:\WINDOWS\System32\RPCRT4.dll
0x00007ffee0630000 - 0x00007ffee07de000 	C:\WINDOWS\System32\USER32.dll
0x00007ffeddd00000 - 0x00007ffeddd26000 	C:\WINDOWS\System32\win32u.dll
0x00007ffedf050000 - 0x00007ffedf079000 	C:\WINDOWS\System32\GDI32.dll
0x00007ffede5f0000 - 0x00007ffede709000 	C:\WINDOWS\System32\gdi32full.dll
0x00007ffeddd30000 - 0x00007ffedddca000 	C:\WINDOWS\System32\msvcp_win.dll
0x00007ffedd010000 - 0x00007ffedd2a3000 	C:\WINDOWS\WinSxS\amd64_microsoft.windows.common-controls_6595b64144ccf1df_6.0.22621.3672_none_2713b9d173822955\COMCTL32.dll
0x00007ffedbb10000 - 0x00007ffedbb1a000 	C:\WINDOWS\SYSTEM32\VERSION.dll
0x00007ffede720000 - 0x00007ffede751000 	C:\WINDOWS\System32\IMM32.DLL
0x00007ffedcba0000 - 0x00007ffedcbac000 	C:\Program Files\Java\jdk-18.0.1.1\bin\vcruntime140_1.dll
0x00007ffe93230000 - 0x00007ffe932bd000 	C:\Program Files\Java\jdk-18.0.1.1\bin\msvcp140.dll
0x00007ffe5c470000 - 0x00007ffe5d080000 	C:\Program Files\Java\jdk-18.0.1.1\bin\server\jvm.dll
0x00007ffedf130000 - 0x00007ffedf138000 	C:\WINDOWS\System32\PSAPI.DLL
0x00007ffeb7d10000 - 0x00007ffeb7d19000 	C:\WINDOWS\SYSTEM32\WSOCK32.dll
0x00007ffedf300000 - 0x00007ffedf371000 	C:\WINDOWS\System32\WS2_32.dll
0x00007ffed8370000 - 0x00007ffed83a4000 	C:\WINDOWS\SYSTEM32\WINMM.dll
0x00007ffedbde0000 - 0x00007ffedbdf8000 	C:\WINDOWS\SYSTEM32\kernel.appcore.dll
0x00007ffedcb30000 - 0x00007ffedcb3a000 	C:\Program Files\Java\jdk-18.0.1.1\bin\jimage.dll
0x00007ffedd560000 - 0x00007ffedd792000 	C:\WINDOWS\SYSTEM32\DBGHELP.DLL
0x00007ffedebe0000 - 0x00007ffedef68000 	C:\WINDOWS\System32\combase.dll
0x00007ffede760000 - 0x00007ffede837000 	C:\WINDOWS\System32\OLEAUT32.dll
0x00007ffedd450000 - 0x00007ffedd482000 	C:\WINDOWS\SYSTEM32\dbgcore.DLL
0x00007ffedddd0000 - 0x00007ffedde4b000 	C:\WINDOWS\System32\bcryptPrimitives.dll
0x00007ffece650000 - 0x00007ffece675000 	C:\Program Files\Java\jdk-18.0.1.1\bin\java.dll

dbghelp: loaded successfully - version: 4.0.5 - missing functions: none
symbol engine: initialized successfully - sym options: 0x614 - pdb path: .;C:\Program Files\Java\jdk-18.0.1.1\bin;C:\WINDOWS\SYSTEM32;C:\WINDOWS\WinSxS\amd64_microsoft.windows.common-controls_6595b64144ccf1df_6.0.22621.3672_none_2713b9d173822955;C:\Program Files\Java\jdk-18.0.1.1\bin\server

VM Arguments:
java_command: org.jetbrains.kotlin.cli.jvm.K2JVMCompiler @D:\TimeMangement\node_modules\lottie-react-native\android\build\20240625_4074023116972758175.compiler.options
java_class_path (initial): C:\Users\rajva\.gradle\caches\modules-2\files-2.1\org.jetbrains.kotlin\kotlin-compiler-embeddable\1.9.22\9cd4dc7773cf2a99ecd961a88fbbc9a2da3fb5e1\kotlin-compiler-embeddable-1.9.22.jar;C:\Users\rajva\.gradle\caches\modules-2\files-2.1\org.jetbrains.kotlin\kotlin-stdlib\1.9.22\d6c44cd08d8f3f9bece8101216dbe6553365c6e3\kotlin-stdlib-1.9.22.jar;C:\Users\rajva\.gradle\caches\modules-2\files-2.1\org.jetbrains.kotlin\kotlin-script-runtime\1.9.22\f8139a46fc677ec9badc49ae954392f4f5e7e7c7\kotlin-script-runtime-1.9.22.jar;C:\Users\rajva\.gradle\caches\modules-2\files-2.1\org.jetbrains.kotlin\kotlin-reflect\1.6.10\1cbe9c92c12a94eea200d23c2bbaedaf3daf5132\kotlin-reflect-1.6.10.jar;C:\Users\rajva\.gradle\caches\modules-2\files-2.1\org.jetbrains.kotlin\kotlin-daemon-embeddable\1.9.22\20e2c5df715f3240c765cfc222530e2796542021\kotlin-daemon-embeddable-1.9.22.jar;C:\Users\rajva\.gradle\caches\modules-2\files-2.1\org.jetbrains.intellij.deps\trove4j\1.0.20200330\3afb14d5f9ceb459d724e907a21145e8ff394f02\trove4j-1.0.20200330.jar;C:\Users\rajva\.gradle\caches\modules-2\files-2.1\org.jetbrains\annotations\13.0\919f0dfe192fb4e063e7dacadee7f8bb9a2672a9\annotations-13.0.jar
Launcher Type: SUN_STANDARD

[Global flags]
     intx CICompilerCount                          = 4                                         {product} {ergonomic}
     uint ConcGCThreads                            = 2                                         {product} {ergonomic}
     uint G1ConcRefinementThreads                  = 8                                         {product} {ergonomic}
   size_t G1HeapRegionSize                         = 1048576                                   {product} {ergonomic}
    uintx GCDrainStackTargetSize                   = 64                                        {product} {ergonomic}
   size_t InitialHeapSize                          = 130023424                                 {product} {ergonomic}
   size_t MarkStackSize                            = 4194304                                   {product} {ergonomic}
   size_t MaxHeapSize                              = 2055208960                                {product} {ergonomic}
   size_t MinHeapDeltaBytes                        = 1048576                                   {product} {ergonomic}
   size_t MinHeapSize                              = 8388608                                   {product} {ergonomic}
    uintx NonNMethodCodeHeapSize                   = 5839372                                {pd product} {ergonomic}
    uintx NonProfiledCodeHeapSize                  = 122909434                              {pd product} {ergonomic}
    uintx ProfiledCodeHeapSize                     = 122909434                              {pd product} {ergonomic}
    uintx ReservedCodeCacheSize                    = 251658240                              {pd product} {ergonomic}
     bool SegmentedCodeCache                       = true                                      {product} {ergonomic}
   size_t SoftMaxHeapSize                          = 2055208960                             {manageable} {ergonomic}
     bool UseCompressedClassPointers               = true                           {product lp64_product} {ergonomic}
     bool UseCompressedOops                        = true                           {product lp64_product} {ergonomic}
     bool UseG1GC                                  = true                                      {product} {ergonomic}
     bool UseLargePagesIndividualAllocation        = false                                  {pd product} {ergonomic}

Logging:
Log output configuration:
 #0: stdout all=warning uptime,level,tags foldmultilines=false
 #1: stderr all=off uptime,level,tags foldmultilines=false

Environment Variables:
CLASSPATH=D:\TimeMangement\android\\gradle\wrapper\gradle-wrapper.jar
PATH=D:\TimeMangement\node_modules\.bin;D:\node_modules\.bin;C:\Users\rajva\AppData\Roaming\npm\node_modules\npm\node_modules\@npmcli\run-script\lib\node-gyp-bin;C:\Users\rajva\bin;C:\Program Files\Git\mingw64\bin;C:\Program Files\Git\usr\local\bin;C:\Program Files\Git\usr\bin;C:\Program Files\Git\usr\bin;C:\Program Files\Git\mingw64\bin;C:\Program Files\Git\usr\bin;C:\Users\rajva\bin;C:\Users\rajva\AppData\Local\Android\Sdk;C:\Users\rajva\AppData\Local\Android\Sdk\platform-tools;C:\Users\rajva\AppData\Local\Programs\Python\Python310\Scripts;C:\Program Files\Java\jdk-18.0.1.1\bin;C:\Program Files\Java\jdk1.8.0_341\bin;C:\msys64\ucrt64\bin;C:\Program Files\Common Files\Oracle\Java\javapath;C:\Program Files (x86)\Common Files\Oracle\Java\javapath;C:\WINDOWS\system32;C:\WINDOWS;C:\WINDOWS\System32\Wbem;C:\WINDOWS\System32\WindowsPowerShell\v1.0;C:\WINDOWS\System32\OpenSSH;C:\Program Files\Git\cmd;C:\Users\rajva\AppData\Roaming\nvm;C:\Program Files\nodejs;C:\Program Files\PostgreSQL\15\bin;C:\Users\rajva\Downloads\apache-maven-3.8.7-bin\apache-maven-3.8.7\bin;C:\Program Files\Apache Software Foundation\Tomcat 10.0\bin\bin;C:\ProgramData\chocolatey\bin;C:\Program Files\MySQL\MySQL Server 8.0\bin;C:\Program Files (x86)\Windows Kits\10\Windows Performance Toolkit;C:\ngrok;C:\Program Files\HP\HP One Agent;C:\Users\rajva\AppData\Local\Programs\Python\Launcher;C:\Users\rajva\AppData\Local\Programs\Python\Python310\Scripts;C:\Users\rajva\AppData\Local\Programs\Python\Python310;C:\Users\rajva\AppData\Local\Programs\Python\Python310\Scripts;C:\Program Files\Java\jdk-18.0.1.1\bin;C:\Program Files\Java\jdk1.8.0_341\bin;C:\Program Files\MySQL\MySQL Shell 8.0\bin;C:\msys64\ucrt64\bin;C:\Program Files\PostgreSQL\15\bin;C:\Users\rajva\AppData\Local\Microsoft\WindowsApps;C:\Users\rajva\AppData\Local\GitHubDesktop\bin;C:\Users\rajva\AppData\Roaming\nvm;C:\Program Files\nodejs;C:\Users\rajva\AppData\Local\Programs\Microsoft VS Code\bin;C:\Users\rajva\AppData\Roaming\npm;C:\Users\rajva\AppData\Local\Android\Sdk;C:\Users\rajva\AppData\Local\Android\Sdk\platform-tools;C:\Users\rajva\AppData\Local\Android\Sdk\emulator;C:\Users\rajva\AppData\Local\Android\Sdk\tools;C:\Users\rajva\AppData\Local\Android\Sdk\tools\bin;C:\Program Files\Git\usr\bin\vendor_perl;C:\Program Files\Git\usr\bin\core_perl
USERNAME=rajva
SHELL=C:\Program Files\Git\usr\bin\bash.exe
DISPLAY=needs-to-be-defined
LANG=en_US.UTF-8
OS=Windows_NT
PROCESSOR_IDENTIFIER=Intel64 Family 6 Model 140 Stepping 2, GenuineIntel



---------------  S Y S T E M  ---------------

OS:
 Windows 11 , 64 bit Build 22621 (10.0.22621.3672)
OS uptime: 5 days 10:28 hours
Hyper-V role detected

CPU: total 8 (initial active 8) (4 cores per cpu, 2 threads per core) family 6 model 140 stepping 2 microcode 0x34, cx8, cmov, fxsr, ht, mmx, 3dnowpref, sse, sse2, sse3, ssse3, sse4.1, sse4.2, popcnt, lzcnt, tsc, tscinvbit, avx, avx2, aes, erms, clmul, bmi1, bmi2, adx, avx512f, avx512dq, avx512cd, avx512bw, avx512vl, sha, fma, vzeroupper, avx512_vpopcntdq, avx512_vpclmulqdq, avx512_vaes, avx512_vnni, clflush, clflushopt, clwb, avx512_vbmi2, avx512_vbmi, hv

Memory: 4k page, system-wide physical 7834M (149M free)
TotalPageFile size 31386M (AvailPageFile size 5M)
current process WorkingSet (physical memory assigned to process): 11M, peak: 11M
current process commit charge ("private bytes"): 60M, peak: 184M

vm_info: Java HotSpot(TM) 64-Bit Server VM (18.0.1.1+2-6) for windows-amd64 JRE (18.0.1.1+2-6), built on Apr 25 2022 21:53:15 by "mach5one" with MS VC++ 16.8 / 16.9 (VS2019)

END.
